gpasm-1.4.0 #1106 (Oct  6 2014) obj\Debug\eep   7-3-2020  21:01:56          PAGE  1


LOC    OBJECT CODE    LINE  SOURCE TEXT
  VALUE

                      00001 ;--------------------------------------------------------
                      00002 ; File Created by SDCC : free open source ANSI-C Compiler
                      00003 ; Version 3.5.0 #9253 (Jun 20 2015) (MINGW32)
                      00004 ; This file was generated Fri Jul 03 21:01:56 2020
                      00005 ;--------------------------------------------------------
                      00006 ; PIC port for the 14-bit core
                      00007 ;--------------------------------------------------------
                      00008         .file   "eeprom_ext.c"
                      00009         list    p=16f877a
                      00010         radix dec
                      00011         include "p16f877a.inc"
                      00001         LIST
                      00002 
                      00003 ;==========================================================================
                      00004 ; Build date : Aug 07 2014
                      00005 ;  MPASM PIC16F877A processor include
                      00006 ; 
                      00007 ;  (c) Copyright 1999-2014 Microchip Technology, All rights reserved
                      00008 ;==========================================================================
                      00009 
                      00567         LIST
                      00012 ;--------------------------------------------------------
                      00013 ; external declarations
                      00014 ;--------------------------------------------------------
  0000                00015         extern  __print_format
  0000                00016         extern  _printf_small
  0000                00017         extern  _printf
  0000                00018         extern  _vprintf
  0000                00019         extern  _sprintf
  0000                00020         extern  _vsprintf
  0000                00021         extern  _puts
  0000                00022         extern  _gets
  0000                00023         extern  _getchar
  0000                00024         extern  _putchar
  0000                00025         extern  _calloc
  0000                00026         extern  _malloc
  0000                00027         extern  _realloc
  0000                00028         extern  _free
  0000                00029         extern  _abs
  0000                00030         extern  _labs
  0000                00031         extern  _atof
  0000                00032         extern  _atoi
  0000                00033         extern  _atol
  0000                00034         extern  __uitoa
  0000                00035         extern  __itoa
  0000                00036         extern  __ultoa
  0000                00037         extern  __ltoa
  0000                00038         extern  _rand
  0000                00039         extern  _srand
  0000                00040         extern  _I2C_Init
  0000                00041         extern  _I2C_Wait
  0000                00042         extern  _I2C_Start
  0000                00043         extern  _I2C_Stop
gpasm-1.4.0 #1106 (Oct  6 2014) obj\Debug\eep   7-3-2020  21:01:56          PAGE  2


LOC    OBJECT CODE    LINE  SOURCE TEXT
  VALUE

  0000                00044         extern  _I2C_Restart
  0000                00045         extern  _I2C_ACK
  0000                00046         extern  _I2C_NACK
  0000                00047         extern  _I2C_Read_NACK
  0000                00048         extern  _I2C_Write
  0000                00049         extern  _I2C_Read_Byte
  0000                00050         extern  _STATUSbits
  0000                00051         extern  _PORTAbits
  0000                00052         extern  _PORTBbits
  0000                00053         extern  _PORTCbits
  0000                00054         extern  _PORTDbits
  0000                00055         extern  _PORTEbits
  0000                00056         extern  _INTCONbits
  0000                00057         extern  _PIR1bits
  0000                00058         extern  _PIR2bits
  0000                00059         extern  _T1CONbits
  0000                00060         extern  _T2CONbits
  0000                00061         extern  _SSPCONbits
  0000                00062         extern  _CCP1CONbits
  0000                00063         extern  _RCSTAbits
  0000                00064         extern  _CCP2CONbits
  0000                00065         extern  _ADCON0bits
  0000                00066         extern  _OPTION_REGbits
  0000                00067         extern  _TRISAbits
  0000                00068         extern  _TRISBbits
  0000                00069         extern  _TRISCbits
  0000                00070         extern  _TRISDbits
  0000                00071         extern  _TRISEbits
  0000                00072         extern  _PIE1bits
  0000                00073         extern  _PIE2bits
  0000                00074         extern  _PCONbits
  0000                00075         extern  _SSPCON2bits
  0000                00076         extern  _SSPSTATbits
  0000                00077         extern  _TXSTAbits
  0000                00078         extern  _CMCONbits
  0000                00079         extern  _CVRCONbits
  0000                00080         extern  _ADCON1bits
  0000                00081         extern  _EECON1bits
  0000                00082         extern  _INDF
  0000                00083         extern  _TMR0
  0000                00084         extern  _PCL
  0000                00085         extern  _STATUS
  0000                00086         extern  _FSR
  0000                00087         extern  _PORTA
  0000                00088         extern  _PORTB
  0000                00089         extern  _PORTC
  0000                00090         extern  _PORTD
  0000                00091         extern  _PORTE
  0000                00092         extern  _PCLATH
  0000                00093         extern  _INTCON
  0000                00094         extern  _PIR1
  0000                00095         extern  _PIR2
  0000                00096         extern  _TMR1
gpasm-1.4.0 #1106 (Oct  6 2014) obj\Debug\eep   7-3-2020  21:01:56          PAGE  3


LOC    OBJECT CODE    LINE  SOURCE TEXT
  VALUE

  0000                00097         extern  _TMR1L
  0000                00098         extern  _TMR1H
  0000                00099         extern  _T1CON
  0000                00100         extern  _TMR2
  0000                00101         extern  _T2CON
  0000                00102         extern  _SSPBUF
  0000                00103         extern  _SSPCON
  0000                00104         extern  _CCPR1
  0000                00105         extern  _CCPR1L
  0000                00106         extern  _CCPR1H
  0000                00107         extern  _CCP1CON
  0000                00108         extern  _RCSTA
  0000                00109         extern  _TXREG
  0000                00110         extern  _RCREG
  0000                00111         extern  _CCPR2
  0000                00112         extern  _CCPR2L
  0000                00113         extern  _CCPR2H
  0000                00114         extern  _CCP2CON
  0000                00115         extern  _ADRESH
  0000                00116         extern  _ADCON0
  0000                00117         extern  _OPTION_REG
  0000                00118         extern  _TRISA
  0000                00119         extern  _TRISB
  0000                00120         extern  _TRISC
  0000                00121         extern  _TRISD
  0000                00122         extern  _TRISE
  0000                00123         extern  _PIE1
  0000                00124         extern  _PIE2
  0000                00125         extern  _PCON
  0000                00126         extern  _SSPCON2
  0000                00127         extern  _PR2
  0000                00128         extern  _SSPADD
  0000                00129         extern  _SSPSTAT
  0000                00130         extern  _TXSTA
  0000                00131         extern  _SPBRG
  0000                00132         extern  _CMCON
  0000                00133         extern  _CVRCON
  0000                00134         extern  _ADRESL
  0000                00135         extern  _ADCON1
  0000                00136         extern  _EEDATA
  0000                00137         extern  _EEADR
  0000                00138         extern  _EEDATH
  0000                00139         extern  _EEADRH
  0000                00140         extern  _EECON1
  0000                00141         extern  _EECON2
                      00142 
  0000                00143         extern PSAVE
  0000                00144         extern SSAVE
  0000                00145         extern WSAVE
  0000                00146         extern STK12
  0000                00147         extern STK11
  0000                00148         extern STK10
  0000                00149         extern STK09
gpasm-1.4.0 #1106 (Oct  6 2014) obj\Debug\eep   7-3-2020  21:01:56          PAGE  4


LOC    OBJECT CODE    LINE  SOURCE TEXT
  VALUE

  0000                00150         extern STK08
  0000                00151         extern STK07
  0000                00152         extern STK06
  0000                00153         extern STK05
  0000                00154         extern STK04
  0000                00155         extern STK03
  0000                00156         extern STK02
  0000                00157         extern STK01
  0000                00158         extern STK00
                      00159 ;--------------------------------------------------------
                      00160 ; global declarations
                      00161 ;--------------------------------------------------------
  0000                00162         global  _e2pext_w
  0000                00163         global  _e2pext_r
                      00164 
                      00165 ;--------------------------------------------------------
                      00166 ; global definitions
                      00167 ;--------------------------------------------------------
                      00168 ;--------------------------------------------------------
                      00169 ; absolute symbol definitions
                      00170 ;--------------------------------------------------------
                      00171 ;--------------------------------------------------------
                      00172 ; compiler-defined variables
                      00173 ;--------------------------------------------------------
                      00174 UDL_eeprom_ext_0        udata
0000                  00175 r0x1001 res     1
0001                  00176 r0x1000 res     1
0002                  00177 r0x1002 res     1
0003                  00178 r0x1003 res     1
0004                  00179 r0x1007 res     1
0005                  00180 r0x1006 res     1
0006                  00181 r0x1008 res     1
0007                  00182 r0x1009 res     1
0008                  00183 r0x100A res     1
0009                  00184 r0x100B res     1
000A                  00185 r0x100C res     1
000B                  00186 r0x100D res     1
000C                  00187 r0x100E res     1
000D                  00188 r0x100F res     1
                      00189 ;--------------------------------------------------------
                      00190 ; initialized data
                      00191 ;--------------------------------------------------------
                      00192 ;--------------------------------------------------------
                      00193 ; overlayable items in internal ram 
                      00194 ;--------------------------------------------------------
                      00195 ;       udata_ovr
                      00196 ;--------------------------------------------------------
                      00197 ; code
                      00198 ;--------------------------------------------------------
                      00199 code_eeprom_ext code
                      00200 ;***
                      00201 ;  pBlock Stats: dbName = C
                      00202 ;***
gpasm-1.4.0 #1106 (Oct  6 2014) obj\Debug\eep   7-3-2020  21:01:56          PAGE  5


LOC    OBJECT CODE    LINE  SOURCE TEXT
  VALUE

                      00203 ;entry:  _e2pext_w      ;Function start
                      00204 ; 2 exit points
                      00205 ;has an exit
                      00206 ;functions called:
                      00207 ;   _I2C_Start
                      00208 ;   _I2C_Write
                      00209 ;   _I2C_Write
                      00210 ;   _I2C_Write
                      00211 ;   _I2C_Write
                      00212 ;   _I2C_Stop
                      00213 ;   _e2pext_r
                      00214 ;   _I2C_Start
                      00215 ;   _I2C_Write
                      00216 ;   _I2C_Write
                      00217 ;   _I2C_Write
                      00218 ;   _I2C_Write
                      00219 ;   _I2C_Stop
                      00220 ;   _e2pext_r
                      00221 ;12 compiler assigned registers:
                      00222 ;   r0x1006
                      00223 ;   STK00
                      00224 ;   r0x1007
                      00225 ;   STK01
                      00226 ;   r0x1008
                      00227 ;   r0x1009
                      00228 ;   r0x100A
                      00229 ;   r0x100B
                      00230 ;   r0x100C
                      00231 ;   r0x100D
                      00232 ;   r0x100E
                      00233 ;   r0x100F
                      00234 ;; Starting pCode block
                      00235 ;;; /home/sdcc-builder/build/sdcc-build/orig/sdcc/src/pic14/gen.c:2316:resultRemat *{*
                      00236 ;;; /home/sdcc-builder/build/sdcc-build/orig/sdcc/src/pic14/gen.c:2760:genLabel *{*
                      00237 ;; ***  genLabel  2763
                      00238 ;;; /home/sdcc-builder/build/sdcc-build/orig/sdcc/src/pic14/gen.c:2316:resultRemat *{*
                      00239 ;;; /home/sdcc-builder/build/sdcc-build/orig/sdcc/src/pic14/gen.c:2340:genFunction *{*
                      00240 ;; ***  genFunction  2342 curr label offset=4previous max_key=6 
0000                  00241 _e2pext_w       ;Function start
                      00242 ; 2 exit points
                      00243 ;;; /home/sdcc-builder/build/sdcc-build/orig/sdcc/src/pic14/gen.c:2316:resultRemat *{*
                      00244 ;;; /home/sdcc-builder/build/sdcc-build/orig/sdcc/src/pic14/gen.c:7358:genReceive *{*
                      00245 ;; ***  genReceive  7359
                      00246 ;;      694 register type nRegs=2
                      00247 ;;; /home/sdcc-builder/build/sdcc-build/orig/sdcc/src/pic14/gen.c:1907:assignResultValue *{*
                      00248 ;; ***  assignResultValue  1909
                      00249 ;;      line = 1911 result -=-, size=0, left AOP_REG=r0x104E, size=2, right -=-, size=0
                      00250 ;; >>> /home/sdcc-builder/build/sdcc-build/orig/sdcc/src/pic14/gen.c:1393:movwf
                      00251 ;;      1109 rIdx = r0x104F 
                      00252         .line   66; "eeprom_ext.c"      void e2pext_w(unsigned int addr, unsigned char val)
0000   ???? ????      00253         BANKSEL r0x1006
0002   00??           00254         MOVWF   r0x1006
                      00255 ;; >>> /home/sdcc-builder/build/sdcc-build/orig/sdcc/src/pic14/gen.c:1423:get_returnvalue
gpasm-1.4.0 #1106 (Oct  6 2014) obj\Debug\eep   7-3-2020  21:01:56          PAGE  6


LOC    OBJECT CODE    LINE  SOURCE TEXT
  VALUE

                      00256 ;; ***  popRegFromIdx,1042  , rIdx=0x7f
0003   08??           00257         MOVF    STK00,W
                      00258 ;; >>> /home/sdcc-builder/build/sdcc-build/orig/sdcc/src/pic14/gen.c:1393:movwf
                      00259 ;;      1109 rIdx = r0x104E 
0004   00??           00260         MOVWF   r0x1007
                      00261 ;;; /home/sdcc-builder/build/sdcc-build/orig/sdcc/src/pic14/gen.c:2316:resultRemat *{*
                      00262 ;;; /home/sdcc-builder/build/sdcc-build/orig/sdcc/src/pic14/gen.c:7358:genReceive *{*
                      00263 ;; ***  genReceive  7359
                      00264 ;;      694 register type nRegs=1
                      00265 ;;; /home/sdcc-builder/build/sdcc-build/orig/sdcc/src/pic14/gen.c:1907:assignResultValue *{*
                      00266 ;; ***  assignResultValue  1909
                      00267 ;;      line = 1911 result -=-, size=0, left AOP_REG=r0x1050, size=1, right -=-, size=0
                      00268 ;; >>> /home/sdcc-builder/build/sdcc-build/orig/sdcc/src/pic14/gen.c:1423:get_returnvalue
                      00269 ;; ***  popRegFromIdx,1042  , rIdx=0x7e
0005   08??           00270         MOVF    STK01,W
                      00271 ;; >>> /home/sdcc-builder/build/sdcc-build/orig/sdcc/src/pic14/gen.c:1393:movwf
                      00272 ;;      1109 rIdx = r0x1050 
                      00273         .line   73; "eeprom_ext.c"      tmp=val;
0006   00??           00274         MOVWF   r0x1008
0007   00??           00275         MOVWF   r0x1009
                      00276 ;; ***  addSign  861
                      00277 ;;; /home/sdcc-builder/build/sdcc-build/orig/sdcc/src/pic14/genarith.c:862:addSign *{*
                      00278 ;; >>> /home/sdcc-builder/build/sdcc-build/orig/sdcc/src/pic14/genarith.c:881:addSign
                      00279 ;;      1109 rIdx = r0x1052 
0008   01??           00280         CLRF    r0x100A
                      00281 ;;; /home/sdcc-builder/build/sdcc-build/orig/sdcc/src/pic14/gen.c:2316:resultRemat *{*
                      00282 ;;; /home/sdcc-builder/build/sdcc-build/orig/sdcc/src/pic14/gen.c:3919:genAnd *{*
                      00283 ;; ***  genAnd  3920
                      00284 ;;      694 register type nRegs=2
                      00285 ;;      694 register type nRegs=2
                      00286 ;;      line = 3955 result AOP_REG=r0x1050, size=2, left AOP_REG=r0x104E, size=2, right AOP_LIT=0x00, si
                            ze=2
                      00287 ;; >>> /home/sdcc-builder/build/sdcc-build/orig/sdcc/src/pic14/gen.c:4183:genAnd
                      00288 ;;      1109 rIdx = r0x1050 
                      00289         .line   74; "eeprom_ext.c"      ah=(addr&0x0100)>>8;
0009   01??           00290         CLRF    r0x1008
                      00291 ;; >>> /home/sdcc-builder/build/sdcc-build/orig/sdcc/src/pic14/gen.c:4190:genAnd
000A   3001           00292         MOVLW   0x01
                      00293 ;; >>> /home/sdcc-builder/build/sdcc-build/orig/sdcc/src/pic14/gen.c:4191:genAnd
                      00294 ;;      1109 rIdx = r0x104F 
000B   05??           00295         ANDWF   r0x1006,W
                      00296 ;; >>> /home/sdcc-builder/build/sdcc-build/orig/sdcc/src/pic14/gen.c:4192:genAnd
                      00297 ;;      1109 rIdx = r0x1053 
000C   00??           00298         MOVWF   r0x100B
000D   00??           00299         MOVWF   r0x1008
000E   00??           00300         MOVWF   r0x100C
                      00301 ;; ***  addSign  861
                      00302 ;;; /home/sdcc-builder/build/sdcc-build/orig/sdcc/src/pic14/genarith.c:862:addSign *{*
                      00303 ;; >>> /home/sdcc-builder/build/sdcc-build/orig/sdcc/src/pic14/genarith.c:881:addSign
                      00304 ;;      1109 rIdx = r0x1055 
000F   01??           00305         CLRF    r0x100D
                      00306 ;;; /home/sdcc-builder/build/sdcc-build/orig/sdcc/src/pic14/gen.c:2316:resultRemat *{*
                      00307 ;;; /home/sdcc-builder/build/sdcc-build/orig/sdcc/src/pic14/gen.c:7120:genCast *{*
gpasm-1.4.0 #1106 (Oct  6 2014) obj\Debug\eep   7-3-2020  21:01:56          PAGE  7


LOC    OBJECT CODE    LINE  SOURCE TEXT
  VALUE

                      00308 ;; ***  genCast  7121
                      00309 ;;      694 register type nRegs=1
                      00310 ;;      line = 7129 result AOP_REG=r0x1050, size=1, left -=-, size=0, right AOP_REG=r0x1054, size=2
                      00311 ;; ***  genCast  7253
                      00312 ;; >>> /home/sdcc-builder/build/sdcc-build/orig/sdcc/src/pic14/gen.c:7277:genCast
                      00313 ;;      1109 rIdx = r0x1054 
                      00314 ;;102   MOVF    r0x100C,W
                      00315 ;; >>> /home/sdcc-builder/build/sdcc-build/orig/sdcc/src/pic14/gen.c:7278:genCast
                      00316 ;;      1109 rIdx = r0x1050 
                      00317 ;;; /home/sdcc-builder/build/sdcc-build/orig/sdcc/src/pic14/gen.c:2316:resultRemat *{*
                      00318 ;;; /home/sdcc-builder/build/sdcc-build/orig/sdcc/src/pic14/gen.c:3919:genAnd *{*
                      00319 ;; ***  genAnd  3920
                      00320 ;;      694 register type nRegs=2
                      00321 ;;      694 register type nRegs=2
                      00322 ;;      line = 3955 result AOP_REG=r0x1054, size=2, left AOP_REG=r0x104E, size=2, right AOP_LIT=0xff, si
                            ze=2
                      00323 ;; >>> /home/sdcc-builder/build/sdcc-build/orig/sdcc/src/pic14/gen.c:4186:genAnd
                      00324 ;;      1109 rIdx = r0x104E 
                      00325 ;;101   MOVF    r0x1007,W
                      00326 ;; >>> /home/sdcc-builder/build/sdcc-build/orig/sdcc/src/pic14/gen.c:4187:genAnd
                      00327 ;;      1109 rIdx = r0x1054 
                      00328 ;; >>> /home/sdcc-builder/build/sdcc-build/orig/sdcc/src/pic14/gen.c:4183:genAnd
                      00329 ;;      1109 rIdx = r0x1055 
                      00330         .line   75; "eeprom_ext.c"      al=addr&0x00FF;
0010   01??           00331         CLRF    r0x100D
                      00332 ;;; /home/sdcc-builder/build/sdcc-build/orig/sdcc/src/pic14/gen.c:2316:resultRemat *{*
                      00333 ;;; /home/sdcc-builder/build/sdcc-build/orig/sdcc/src/pic14/gen.c:7120:genCast *{*
                      00334 ;; ***  genCast  7121
                      00335 ;;      694 register type nRegs=2
                      00336 ;;      694 register type nRegs=1
                      00337 ;;      line = 7129 result AOP_REG=r0x1053, size=1, left -=-, size=0, right AOP_REG=r0x1054, size=2
                      00338 ;; ***  genCast  7253
                      00339 ;; >>> /home/sdcc-builder/build/sdcc-build/orig/sdcc/src/pic14/gen.c:7277:genCast
                      00340 ;;      1109 rIdx = r0x1054 
                      00341 ;;100   MOVF    r0x100C,W
0011   08??           00342         MOVF    r0x1007,W
0012   00??           00343         MOVWF   r0x100C
                      00344 ;; >>> /home/sdcc-builder/build/sdcc-build/orig/sdcc/src/pic14/gen.c:7278:genCast
                      00345 ;;      1109 rIdx = r0x1053 
0013   00??           00346         MOVWF   r0x100B
                      00347 ;;; /home/sdcc-builder/build/sdcc-build/orig/sdcc/src/pic14/gen.c:2316:resultRemat *{*
                      00348 ;;; /home/sdcc-builder/build/sdcc-build/orig/sdcc/src/pic14/gen.c:6927:genAssign *{*
                      00349 ;; ***  genAssign  6928
                      00350 ;;      694 register type nRegs=1
                      00351 ;;      line = 6937 result AOP_REG=r0x1054, size=1, left -=-, size=0, right AOP_LIT=0x00, size=1
                      00352 ;; ***  genAssign  7023
                      00353 ;; >>> /home/sdcc-builder/build/sdcc-build/orig/sdcc/src/pic14/gen.c:7035:genAssign
                      00354 ;;      1109 rIdx = r0x1054 
                      00355         .line   78; "eeprom_ext.c"      do
0014   01??           00356         CLRF    r0x100C
                      00357 ;;; /home/sdcc-builder/build/sdcc-build/orig/sdcc/src/pic14/gen.c:2316:resultRemat *{*
                      00358 ;;; /home/sdcc-builder/build/sdcc-build/orig/sdcc/src/pic14/gen.c:2760:genLabel *{*
                      00359 ;; ***  genLabel  2763
gpasm-1.4.0 #1106 (Oct  6 2014) obj\Debug\eep   7-3-2020  21:01:56          PAGE  8


LOC    OBJECT CODE    LINE  SOURCE TEXT
  VALUE

                      00360 ;;; /home/sdcc-builder/build/sdcc-build/orig/sdcc/src/pic14/gen.c:2316:resultRemat *{*
                      00361 ;;; /home/sdcc-builder/build/sdcc-build/orig/sdcc/src/pic14/gen.c:2086:genCall *{*
                      00362 ;; ***  genCall  2088
                      00363 ;;; /home/sdcc-builder/build/sdcc-build/orig/sdcc/src/pic14/gen.c:1801:saveRegisters *{*
                      00364 ;; ***  saveRegisters  1803
                      00365 ;; >>> /home/sdcc-builder/build/sdcc-build/orig/sdcc/src/pic14/gen.c:2173:genCall
0015                  00366 _00119_DS_
                      00367         .line   80; "eeprom_ext.c"      I2C_Start();
0015   ???? ????      00368         PAGESEL _I2C_Start
                      00369 ;; >>> /home/sdcc-builder/build/sdcc-build/orig/sdcc/src/pic14/gen.c:2175:genCall
0017   2???           00370         CALL    _I2C_Start
                      00371 ;; >>> /home/sdcc-builder/build/sdcc-build/orig/sdcc/src/pic14/gen.c:2181:genCall
0018   ???? ????      00372         PAGESEL $
                      00373 ;;; /home/sdcc-builder/build/sdcc-build/orig/sdcc/src/pic14/gen.c:1845:unsaveRegisters *{*
                      00374 ;; ***  unsaveRegisters  1847
                      00375 ;;; /home/sdcc-builder/build/sdcc-build/orig/sdcc/src/pic14/gen.c:2316:resultRemat *{*
                      00376 ;;; /home/sdcc-builder/build/sdcc-build/orig/sdcc/src/pic14/gen.c:6759:genIfx *{*
                      00377 ;; ***  genIfx  6760
                      00378 ;;      694 register type nRegs=1
                      00379 ;; ***  pic14_toBoolean  1515
                      00380 ;; >>> /home/sdcc-builder/build/sdcc-build/orig/sdcc/src/pic14/gen.c:1522:pic14_toBoolean
                      00381         .line   81; "eeprom_ext.c"      if(ah)
001A   ???? ????      00382         BANKSEL r0x1008
001C   08??           00383         MOVF    r0x1008,W
001D   1903           00384         BTFSC   STATUS,2
                      00385 ;; >>> /home/sdcc-builder/build/sdcc-build/orig/sdcc/src/pic14/gen.c:6814:genIfx
                      00386 ;; ***  popGetLabel  key=2, label offset 14
001E   2???           00387         GOTO    _00116_DS_
                      00388 ;;; /home/sdcc-builder/build/sdcc-build/orig/sdcc/src/pic14/gen.c:2316:resultRemat *{*
                      00389 ;;; /home/sdcc-builder/build/sdcc-build/orig/sdcc/src/pic14/gen.c:2316:resultRemat *{*
                      00390 ;;; /home/sdcc-builder/build/sdcc-build/orig/sdcc/src/pic14/gen.c:2086:genCall *{*
                      00391 ;; ***  genCall  2088
                      00392 ;;; /home/sdcc-builder/build/sdcc-build/orig/sdcc/src/pic14/gen.c:1801:saveRegisters *{*
                      00393 ;; ***  saveRegisters  1803
                      00394 ;;      2135 left AOP_LIT
                      00395 ;;; /home/sdcc-builder/build/sdcc-build/orig/sdcc/src/pic14/gen.c:1343:mov2w_op *{*
                      00396 ;; >>> /home/sdcc-builder/build/sdcc-build/orig/sdcc/src/pic14/gen.c:1361:mov2w_op
                      00397         .line   83; "eeprom_ext.c"      I2C_Write(0xA2);
001F   30A2           00398         MOVLW   0xa2
                      00399 ;; >>> /home/sdcc-builder/build/sdcc-build/orig/sdcc/src/pic14/gen.c:2173:genCall
0020   ???? ????      00400         PAGESEL _I2C_Write
                      00401 ;; >>> /home/sdcc-builder/build/sdcc-build/orig/sdcc/src/pic14/gen.c:2175:genCall
0022   2???           00402         CALL    _I2C_Write
                      00403 ;; >>> /home/sdcc-builder/build/sdcc-build/orig/sdcc/src/pic14/gen.c:2181:genCall
0023   ???? ????      00404         PAGESEL $
                      00405 ;;; /home/sdcc-builder/build/sdcc-build/orig/sdcc/src/pic14/gen.c:1845:unsaveRegisters *{*
                      00406 ;; ***  unsaveRegisters  1847
                      00407 ;;; /home/sdcc-builder/build/sdcc-build/orig/sdcc/src/pic14/gen.c:2316:resultRemat *{*
                      00408 ;;; /home/sdcc-builder/build/sdcc-build/orig/sdcc/src/pic14/gen.c:2778:genGoto *{*
                      00409 ;; >>> /home/sdcc-builder/build/sdcc-build/orig/sdcc/src/pic14/gen.c:2780:genGoto
                      00410 ;; ***  popGetLabel  key=3, label offset 14
0025   2???           00411         GOTO    _00117_DS_
                      00412 ;;; /home/sdcc-builder/build/sdcc-build/orig/sdcc/src/pic14/gen.c:2316:resultRemat *{*
gpasm-1.4.0 #1106 (Oct  6 2014) obj\Debug\eep   7-3-2020  21:01:56          PAGE  9


LOC    OBJECT CODE    LINE  SOURCE TEXT
  VALUE

                      00413 ;;; /home/sdcc-builder/build/sdcc-build/orig/sdcc/src/pic14/gen.c:2760:genLabel *{*
                      00414 ;; ***  genLabel  2763
                      00415 ;;; /home/sdcc-builder/build/sdcc-build/orig/sdcc/src/pic14/gen.c:2316:resultRemat *{*
                      00416 ;;; /home/sdcc-builder/build/sdcc-build/orig/sdcc/src/pic14/gen.c:2316:resultRemat *{*
                      00417 ;;; /home/sdcc-builder/build/sdcc-build/orig/sdcc/src/pic14/gen.c:2086:genCall *{*
                      00418 ;; ***  genCall  2088
                      00419 ;;; /home/sdcc-builder/build/sdcc-build/orig/sdcc/src/pic14/gen.c:1801:saveRegisters *{*
                      00420 ;; ***  saveRegisters  1803
                      00421 ;;      2135 left AOP_LIT
                      00422 ;;; /home/sdcc-builder/build/sdcc-build/orig/sdcc/src/pic14/gen.c:1343:mov2w_op *{*
                      00423 ;; >>> /home/sdcc-builder/build/sdcc-build/orig/sdcc/src/pic14/gen.c:1361:mov2w_op
0026                  00424 _00116_DS_
                      00425         .line   87; "eeprom_ext.c"      I2C_Write(0xA0);
0026   30A0           00426         MOVLW   0xa0
                      00427 ;; >>> /home/sdcc-builder/build/sdcc-build/orig/sdcc/src/pic14/gen.c:2173:genCall
0027   ???? ????      00428         PAGESEL _I2C_Write
                      00429 ;; >>> /home/sdcc-builder/build/sdcc-build/orig/sdcc/src/pic14/gen.c:2175:genCall
0029   2???           00430         CALL    _I2C_Write
                      00431 ;; >>> /home/sdcc-builder/build/sdcc-build/orig/sdcc/src/pic14/gen.c:2181:genCall
002A   ???? ????      00432         PAGESEL $
                      00433 ;;; /home/sdcc-builder/build/sdcc-build/orig/sdcc/src/pic14/gen.c:1845:unsaveRegisters *{*
                      00434 ;; ***  unsaveRegisters  1847
                      00435 ;;; /home/sdcc-builder/build/sdcc-build/orig/sdcc/src/pic14/gen.c:2316:resultRemat *{*
                      00436 ;;; /home/sdcc-builder/build/sdcc-build/orig/sdcc/src/pic14/gen.c:2760:genLabel *{*
                      00437 ;; ***  genLabel  2763
                      00438 ;;; /home/sdcc-builder/build/sdcc-build/orig/sdcc/src/pic14/gen.c:2316:resultRemat *{*
                      00439 ;;; /home/sdcc-builder/build/sdcc-build/orig/sdcc/src/pic14/gen.c:2316:resultRemat *{*
                      00440 ;;; /home/sdcc-builder/build/sdcc-build/orig/sdcc/src/pic14/gen.c:2086:genCall *{*
                      00441 ;; ***  genCall  2088
                      00442 ;;; /home/sdcc-builder/build/sdcc-build/orig/sdcc/src/pic14/gen.c:1801:saveRegisters *{*
                      00443 ;; ***  saveRegisters  1803
                      00444 ;;      694 register type nRegs=1
                      00445 ;;      694 register type nRegs=1
                      00446 ;;      2135 left AOP_REG
                      00447 ;;; /home/sdcc-builder/build/sdcc-build/orig/sdcc/src/pic14/gen.c:1343:mov2w_op *{*
                      00448 ;; ***  mov2w  1381  offset=0
                      00449 ;; >>> /home/sdcc-builder/build/sdcc-build/orig/sdcc/src/pic14/gen.c:1386:mov2w
                      00450 ;;      1109 rIdx = r0x1053 
002C                  00451 _00117_DS_
                      00452         .line   89; "eeprom_ext.c"      I2C_Write(al);
002C   ???? ????      00453         BANKSEL r0x100B
002E   08??           00454         MOVF    r0x100B,W
                      00455 ;; >>> /home/sdcc-builder/build/sdcc-build/orig/sdcc/src/pic14/gen.c:2173:genCall
002F   ???? ????      00456         PAGESEL _I2C_Write
                      00457 ;; >>> /home/sdcc-builder/build/sdcc-build/orig/sdcc/src/pic14/gen.c:2175:genCall
0031   2???           00458         CALL    _I2C_Write
                      00459 ;; >>> /home/sdcc-builder/build/sdcc-build/orig/sdcc/src/pic14/gen.c:2181:genCall
0032   ???? ????      00460         PAGESEL $
                      00461 ;;; /home/sdcc-builder/build/sdcc-build/orig/sdcc/src/pic14/gen.c:1845:unsaveRegisters *{*
                      00462 ;; ***  unsaveRegisters  1847
                      00463 ;;; /home/sdcc-builder/build/sdcc-build/orig/sdcc/src/pic14/gen.c:2316:resultRemat *{*
                      00464 ;;; /home/sdcc-builder/build/sdcc-build/orig/sdcc/src/pic14/gen.c:7120:genCast *{*
                      00465 ;; ***  genCast  7121
gpasm-1.4.0 #1106 (Oct  6 2014) obj\Debug\eep   7-3-2020  21:01:56          PAGE 10


LOC    OBJECT CODE    LINE  SOURCE TEXT
  VALUE

                      00466 ;;      694 register type nRegs=2
                      00467 ;;      694 register type nRegs=1
                      00468 ;;      line = 7129 result AOP_REG=r0x1055, size=1, left -=-, size=0, right AOP_REG=r0x1051, size=2
                      00469 ;; ***  genCast  7253
                      00470 ;; >>> /home/sdcc-builder/build/sdcc-build/orig/sdcc/src/pic14/gen.c:7277:genCast
                      00471 ;;      1109 rIdx = r0x1051 
                      00472         .line   90; "eeprom_ext.c"      I2C_Write(tmp);
0034   ???? ????      00473         BANKSEL r0x1009
0036   08??           00474         MOVF    r0x1009,W
0037   00??           00475         MOVWF   r0x100D
0038   ???? ????      00476         PAGESEL _I2C_Write
                      00477 ;; >>> /home/sdcc-builder/build/sdcc-build/orig/sdcc/src/pic14/gen.c:2175:genCall
003A   2???           00478         CALL    _I2C_Write
                      00479 ;; >>> /home/sdcc-builder/build/sdcc-build/orig/sdcc/src/pic14/gen.c:2181:genCall
003B   ???? ????      00480         PAGESEL $
                      00481 ;;; /home/sdcc-builder/build/sdcc-build/orig/sdcc/src/pic14/gen.c:1845:unsaveRegisters *{*
                      00482 ;; ***  unsaveRegisters  1847
                      00483 ;;; /home/sdcc-builder/build/sdcc-build/orig/sdcc/src/pic14/gen.c:2316:resultRemat *{*
                      00484 ;;; /home/sdcc-builder/build/sdcc-build/orig/sdcc/src/pic14/gen.c:2086:genCall *{*
                      00485 ;; ***  genCall  2088
                      00486 ;;; /home/sdcc-builder/build/sdcc-build/orig/sdcc/src/pic14/gen.c:1801:saveRegisters *{*
                      00487 ;; ***  saveRegisters  1803
                      00488 ;; >>> /home/sdcc-builder/build/sdcc-build/orig/sdcc/src/pic14/gen.c:2173:genCall
                      00489         .line   91; "eeprom_ext.c"      I2C_Stop();
003D   ???? ????      00490         PAGESEL _I2C_Stop
                      00491 ;; >>> /home/sdcc-builder/build/sdcc-build/orig/sdcc/src/pic14/gen.c:2175:genCall
003F   2???           00492         CALL    _I2C_Stop
                      00493 ;; >>> /home/sdcc-builder/build/sdcc-build/orig/sdcc/src/pic14/gen.c:2181:genCall
0040   ???? ????      00494         PAGESEL $
                      00495 ;;; /home/sdcc-builder/build/sdcc-build/orig/sdcc/src/pic14/gen.c:1845:unsaveRegisters *{*
                      00496 ;; ***  unsaveRegisters  1847
                      00497 ;;; /home/sdcc-builder/build/sdcc-build/orig/sdcc/src/pic14/gen.c:2316:resultRemat *{*
                      00498 ;; ***  genPlus  611
                      00499 ;;; /home/sdcc-builder/build/sdcc-build/orig/sdcc/src/pic14/genarith.c:612:genPlus *{*
                      00500 ;;      694 register type nRegs=1
                      00501 ;;      575
                      00502 ;;      line = 618 result AOP_REG=r0x1054, size=1, left AOP_REG=r0x1054, size=1, right AOP_LIT=0x01, siz
                            e=1
                      00503 ;;; /home/sdcc-builder/build/sdcc-build/orig/sdcc/src/pic14/genarith.c:142:genPlusIncr *{*
                      00504 ;; ***  genPlusIncr  144
                      00505 ;;      result AOP_REG, left AOP_REG, right AOP_LIT
                      00506 ;;      genPlusIncr  156
                      00507 ;; >>> /home/sdcc-builder/build/sdcc-build/orig/sdcc/src/pic14/genarith.c:168:genPlusIncr
                      00508 ;;      1109 rIdx = r0x1054 
                      00509         .line   93; "eeprom_ext.c"      nt++;
0042   ???? ????      00510         BANKSEL r0x100C
0044   0A??           00511         INCF    r0x100C,F
                      00512 ;;; /home/sdcc-builder/build/sdcc-build/orig/sdcc/src/pic14/gen.c:2316:resultRemat *{*
                      00513 ;;; /home/sdcc-builder/build/sdcc-build/orig/sdcc/src/pic14/gen.c:2316:resultRemat *{*
                      00514 ;;; /home/sdcc-builder/build/sdcc-build/orig/sdcc/src/pic14/gen.c:2086:genCall *{*
                      00515 ;; ***  genCall  2088
                      00516 ;;; /home/sdcc-builder/build/sdcc-build/orig/sdcc/src/pic14/gen.c:1801:saveRegisters *{*
                      00517 ;; ***  saveRegisters  1803
gpasm-1.4.0 #1106 (Oct  6 2014) obj\Debug\eep   7-3-2020  21:01:56          PAGE 11


LOC    OBJECT CODE    LINE  SOURCE TEXT
  VALUE

                      00518 ;;      694 register type nRegs=2
                      00519 ;;      694 register type nRegs=2
                      00520 ;;      2135 left AOP_REG
                      00521 ;;; /home/sdcc-builder/build/sdcc-build/orig/sdcc/src/pic14/gen.c:1343:mov2w_op *{*
                      00522 ;; ***  mov2w  1381  offset=0
                      00523 ;; >>> /home/sdcc-builder/build/sdcc-build/orig/sdcc/src/pic14/gen.c:1386:mov2w
                      00524 ;;      1109 rIdx = r0x104E 
                      00525         .line   95; "eeprom_ext.c"      while((tmp != e2pext_r(addr))&&(nt < 10));
0045   08??           00526         MOVF    r0x1007,W
                      00527 ;;      2135 left AOP_REG
                      00528 ;; >>> /home/sdcc-builder/build/sdcc-build/orig/sdcc/src/pic14/gen.c:2143:genCall
                      00529 ;; ***  popRegFromIdx,1042  , rIdx=0x7f
0046   00??           00530         MOVWF   STK00
                      00531 ;;; /home/sdcc-builder/build/sdcc-build/orig/sdcc/src/pic14/gen.c:1343:mov2w_op *{*
                      00532 ;; ***  mov2w  1381  offset=1
                      00533 ;; >>> /home/sdcc-builder/build/sdcc-build/orig/sdcc/src/pic14/gen.c:1386:mov2w
                      00534 ;;      1109 rIdx = r0x104F 
0047   08??           00535         MOVF    r0x1006,W
                      00536 ;; >>> /home/sdcc-builder/build/sdcc-build/orig/sdcc/src/pic14/gen.c:2175:genCall
0048   2???           00537         CALL    _e2pext_r
                      00538 ;;      694 register type nRegs=1
                      00539 ;;; /home/sdcc-builder/build/sdcc-build/orig/sdcc/src/pic14/gen.c:1907:assignResultValue *{*
                      00540 ;; ***  assignResultValue  1909
                      00541 ;;      line = 1911 result -=-, size=0, left AOP_REG=r0x1055, size=1, right -=-, size=0
                      00542 ;; >>> /home/sdcc-builder/build/sdcc-build/orig/sdcc/src/pic14/gen.c:1393:movwf
                      00543 ;;      1109 rIdx = r0x1055 
0049   ???? ????      00544         BANKSEL r0x100D
004B   00??           00545         MOVWF   r0x100D
004C   00??           00546         MOVWF   r0x100E
                      00547 ;; ***  addSign  861
                      00548 ;;; /home/sdcc-builder/build/sdcc-build/orig/sdcc/src/pic14/genarith.c:862:addSign *{*
                      00549 ;; >>> /home/sdcc-builder/build/sdcc-build/orig/sdcc/src/pic14/genarith.c:881:addSign
                      00550 ;;      1109 rIdx = r0x1057 
004D   01??           00551         CLRF    r0x100F
                      00552 ;;; /home/sdcc-builder/build/sdcc-build/orig/sdcc/src/pic14/gen.c:2316:resultRemat *{*
                      00553 ;;; /home/sdcc-builder/build/sdcc-build/orig/sdcc/src/pic14/gen.c:3619:genCmpEq *{*
                      00554 ;; ***  genCmpEq  3620
                      00555 ;; ifx is non-null
                      00556 ;;      694 register type nRegs=2
                      00557 ;;      694 register type nRegs=2
                      00558 ;;      line = 3631 result AOP_CRY=0x00, size=0, left AOP_REG=r0x1051, size=2, right AOP_REG=r0x1056, si
                            ze=2
                      00559 ;; ***  mov2w  1381  offset=0
                      00560 ;; >>> /home/sdcc-builder/build/sdcc-build/orig/sdcc/src/pic14/gen.c:1386:mov2w
                      00561 ;;      1109 rIdx = r0x1056 
004E   08??           00562         MOVF    r0x100E,W
                      00563 ;; >>> /home/sdcc-builder/build/sdcc-build/orig/sdcc/src/pic14/gen.c:3703:genCmpEq
                      00564 ;;      1109 rIdx = r0x1051 
004F   06??           00565         XORWF   r0x1009,W
                      00566 ;; >>> /home/sdcc-builder/build/sdcc-build/orig/sdcc/src/pic14/gen.c:3705:genCmpEq
0050   1D03           00567         BTFSS   STATUS,2
                      00568 ;; >>> /home/sdcc-builder/build/sdcc-build/orig/sdcc/src/pic14/gen.c:3708:genCmpEq
                      00569 ;; ***  popGetLabel  key=20, label offset 14
gpasm-1.4.0 #1106 (Oct  6 2014) obj\Debug\eep   7-3-2020  21:01:56          PAGE 12


LOC    OBJECT CODE    LINE  SOURCE TEXT
  VALUE

0051   2???           00570         GOTO    _00134_DS_
                      00571 ;; ***  mov2w  1381  offset=1
                      00572 ;; >>> /home/sdcc-builder/build/sdcc-build/orig/sdcc/src/pic14/gen.c:1386:mov2w
                      00573 ;;      1109 rIdx = r0x1057 
0052   08??           00574         MOVF    r0x100F,W
                      00575 ;; >>> /home/sdcc-builder/build/sdcc-build/orig/sdcc/src/pic14/gen.c:3703:genCmpEq
                      00576 ;;      1109 rIdx = r0x1052 
0053   06??           00577         XORWF   r0x100A,W
0054   1903           00578         BTFSC   STATUS,2
0055   2???           00579         GOTO    _00122_DS_
0056                  00580 _00134_DS_
0056   300A           00581         MOVLW   0x0a
0057   ???? ????      00582         BANKSEL r0x100C
0059   02??           00583         SUBWF   r0x100C,W
                      00584 ;;; /home/sdcc-builder/build/sdcc-build/orig/sdcc/src/pic14/gen.c:3237:genSkipc *{*
                      00585 ;; >>> /home/sdcc-builder/build/sdcc-build/orig/sdcc/src/pic14/gen.c:3244:genSkipc
005A   1C03           00586         BTFSS   STATUS,0
                      00587 ;; >>> /home/sdcc-builder/build/sdcc-build/orig/sdcc/src/pic14/gen.c:3246:genSkipc
                      00588 ;; ***  popGetLabel  key=5, label offset 14
005B   2???           00589         GOTO    _00119_DS_
                      00590 ;;genSkipc:3247: created from rifx:027A5DF4
                      00591 ;;; /home/sdcc-builder/build/sdcc-build/orig/sdcc/src/pic14/gen.c:2316:resultRemat *{*
                      00592 ;;; /home/sdcc-builder/build/sdcc-build/orig/sdcc/src/pic14/gen.c:2316:resultRemat *{*
                      00593 ;;; /home/sdcc-builder/build/sdcc-build/orig/sdcc/src/pic14/gen.c:2760:genLabel *{*
                      00594 ;; ***  genLabel  2763
                      00595 ;;; /home/sdcc-builder/build/sdcc-build/orig/sdcc/src/pic14/gen.c:2316:resultRemat *{*
                      00596 ;;; /home/sdcc-builder/build/sdcc-build/orig/sdcc/src/pic14/gen.c:2528:genEndFunction *{*
                      00597 ;; ***  genEndFunction  2530
005C                  00598 _00122_DS_
005C   0008           00599         RETURN  
                      00600 ; exit point of _e2pext_w
                      00601 
                      00602 ;***
                      00603 ;  pBlock Stats: dbName = C
                      00604 ;***
                      00605 ;entry:  _e2pext_r      ;Function start
                      00606 ; 2 exit points
                      00607 ;has an exit
                      00608 ;functions called:
                      00609 ;   _I2C_Start
                      00610 ;   _I2C_Write
                      00611 ;   _I2C_Write
                      00612 ;   _I2C_Write
                      00613 ;   _I2C_Start
                      00614 ;   _I2C_Write
                      00615 ;   _I2C_Write
                      00616 ;   _I2C_Read_Byte
                      00617 ;   _I2C_Stop
                      00618 ;   _I2C_Start
                      00619 ;   _I2C_Write
                      00620 ;   _I2C_Write
                      00621 ;   _I2C_Write
                      00622 ;   _I2C_Start
gpasm-1.4.0 #1106 (Oct  6 2014) obj\Debug\eep   7-3-2020  21:01:56          PAGE 13


LOC    OBJECT CODE    LINE  SOURCE TEXT
  VALUE

                      00623 ;   _I2C_Write
                      00624 ;   _I2C_Write
                      00625 ;   _I2C_Read_Byte
                      00626 ;   _I2C_Stop
                      00627 ;7 compiler assigned registers:
                      00628 ;   r0x1000
                      00629 ;   STK00
                      00630 ;   r0x1001
                      00631 ;   r0x1002
                      00632 ;   r0x1003
                      00633 ;   r0x1004
                      00634 ;   r0x1005
                      00635 ;; Starting pCode block
                      00636 ;;; /home/sdcc-builder/build/sdcc-build/orig/sdcc/src/pic14/gen.c:2316:resultRemat *{*
                      00637 ;;; /home/sdcc-builder/build/sdcc-build/orig/sdcc/src/pic14/gen.c:2760:genLabel *{*
                      00638 ;; ***  genLabel  2763
                      00639 ;;; /home/sdcc-builder/build/sdcc-build/orig/sdcc/src/pic14/gen.c:2316:resultRemat *{*
                      00640 ;;; /home/sdcc-builder/build/sdcc-build/orig/sdcc/src/pic14/gen.c:2340:genFunction *{*
                      00641 ;; ***  genFunction  2342 curr label offset=0previous max_key=0 
005D                  00642 _e2pext_r       ;Function start
                      00643 ; 2 exit points
                      00644 ;;; /home/sdcc-builder/build/sdcc-build/orig/sdcc/src/pic14/gen.c:2316:resultRemat *{*
                      00645 ;;; /home/sdcc-builder/build/sdcc-build/orig/sdcc/src/pic14/gen.c:7358:genReceive *{*
                      00646 ;; ***  genReceive  7359
                      00647 ;;      694 register type nRegs=2
                      00648 ;;; /home/sdcc-builder/build/sdcc-build/orig/sdcc/src/pic14/gen.c:1907:assignResultValue *{*
                      00649 ;; ***  assignResultValue  1909
                      00650 ;;      line = 1911 result -=-, size=0, left AOP_REG=r0x1048, size=2, right -=-, size=0
                      00651 ;; >>> /home/sdcc-builder/build/sdcc-build/orig/sdcc/src/pic14/gen.c:1393:movwf
                      00652 ;;      1109 rIdx = r0x1049 
                      00653         .line   30; "eeprom_ext.c"      unsigned char e2pext_r(unsigned int addr)
005D   ???? ????      00654         BANKSEL r0x1000
005F   00??           00655         MOVWF   r0x1000
                      00656 ;; >>> /home/sdcc-builder/build/sdcc-build/orig/sdcc/src/pic14/gen.c:1423:get_returnvalue
                      00657 ;; ***  popRegFromIdx,1042  , rIdx=0x7f
0060   08??           00658         MOVF    STK00,W
                      00659 ;; >>> /home/sdcc-builder/build/sdcc-build/orig/sdcc/src/pic14/gen.c:1393:movwf
                      00660 ;;      1109 rIdx = r0x1048 
0061   00??           00661         MOVWF   r0x1001
                      00662 ;;; /home/sdcc-builder/build/sdcc-build/orig/sdcc/src/pic14/gen.c:2316:resultRemat *{*
                      00663 ;;; /home/sdcc-builder/build/sdcc-build/orig/sdcc/src/pic14/gen.c:3919:genAnd *{*
                      00664 ;; ***  genAnd  3920
                      00665 ;;      694 register type nRegs=2
                      00666 ;;      694 register type nRegs=2
                      00667 ;;      line = 3955 result AOP_REG=r0x104A, size=2, left AOP_REG=r0x1048, size=2, right AOP_LIT=0x00, si
                            ze=2
                      00668 ;; >>> /home/sdcc-builder/build/sdcc-build/orig/sdcc/src/pic14/gen.c:4183:genAnd
                      00669 ;;      1109 rIdx = r0x104A 
                      00670         .line   36; "eeprom_ext.c"      ah=(addr&0x0100)>>8;
0062   01??           00671         CLRF    r0x1002
                      00672 ;; >>> /home/sdcc-builder/build/sdcc-build/orig/sdcc/src/pic14/gen.c:4190:genAnd
0063   3001           00673         MOVLW   0x01
                      00674 ;; >>> /home/sdcc-builder/build/sdcc-build/orig/sdcc/src/pic14/gen.c:4191:genAnd
gpasm-1.4.0 #1106 (Oct  6 2014) obj\Debug\eep   7-3-2020  21:01:56          PAGE 14


LOC    OBJECT CODE    LINE  SOURCE TEXT
  VALUE

                      00675 ;;      1109 rIdx = r0x1049 
0064   05??           00676         ANDWF   r0x1000,W
                      00677 ;; >>> /home/sdcc-builder/build/sdcc-build/orig/sdcc/src/pic14/gen.c:4192:genAnd
                      00678 ;;      1109 rIdx = r0x104B 
0065   00??           00679         MOVWF   r0x1003
0066   00??           00680         MOVWF   r0x1002
                      00681 ;;1     MOVWF   r0x1004
                      00682 ;; ***  addSign  861
                      00683 ;;; /home/sdcc-builder/build/sdcc-build/orig/sdcc/src/pic14/genarith.c:862:addSign *{*
                      00684 ;; >>> /home/sdcc-builder/build/sdcc-build/orig/sdcc/src/pic14/genarith.c:881:addSign
                      00685 ;;      1109 rIdx = r0x104D 
                      00686 ;;1     CLRF    r0x1005
                      00687 ;;; /home/sdcc-builder/build/sdcc-build/orig/sdcc/src/pic14/gen.c:2316:resultRemat *{*
                      00688 ;;; /home/sdcc-builder/build/sdcc-build/orig/sdcc/src/pic14/gen.c:7120:genCast *{*
                      00689 ;; ***  genCast  7121
                      00690 ;;      694 register type nRegs=1
                      00691 ;;      line = 7129 result AOP_REG=r0x104A, size=1, left -=-, size=0, right AOP_REG=r0x104C, size=2
                      00692 ;; ***  genCast  7253
                      00693 ;; >>> /home/sdcc-builder/build/sdcc-build/orig/sdcc/src/pic14/gen.c:7277:genCast
                      00694 ;;      1109 rIdx = r0x104C 
                      00695 ;;99    MOVF    r0x1004,W
                      00696 ;; >>> /home/sdcc-builder/build/sdcc-build/orig/sdcc/src/pic14/gen.c:7278:genCast
                      00697 ;;      1109 rIdx = r0x104A 
                      00698 ;;; /home/sdcc-builder/build/sdcc-build/orig/sdcc/src/pic14/gen.c:2316:resultRemat *{*
                      00699 ;;; /home/sdcc-builder/build/sdcc-build/orig/sdcc/src/pic14/gen.c:3919:genAnd *{*
                      00700 ;; ***  genAnd  3920
                      00701 ;;      694 register type nRegs=2
                      00702 ;;      694 register type nRegs=2
                      00703 ;;      line = 3955 result AOP_REG=r0x1048, size=2, left AOP_REG=r0x1048, size=2, right AOP_LIT=0xff, si
                            ze=2
                      00704 ;; >>> /home/sdcc-builder/build/sdcc-build/orig/sdcc/src/pic14/gen.c:4110:genAnd
                      00705 ;;      1109 rIdx = r0x1049 
                      00706         .line   37; "eeprom_ext.c"      al=addr&0x00FF;
0067   01??           00707         CLRF    r0x1000
                      00708 ;;; /home/sdcc-builder/build/sdcc-build/orig/sdcc/src/pic14/gen.c:2316:resultRemat *{*
                      00709 ;;; /home/sdcc-builder/build/sdcc-build/orig/sdcc/src/pic14/gen.c:7120:genCast *{*
                      00710 ;; ***  genCast  7121
                      00711 ;;      694 register type nRegs=2
                      00712 ;;      694 register type nRegs=1
                      00713 ;;      line = 7129 result AOP_REG=r0x104B, size=1, left -=-, size=0, right AOP_REG=r0x1048, size=2
                      00714 ;; ***  genCast  7253
                      00715 ;; >>> /home/sdcc-builder/build/sdcc-build/orig/sdcc/src/pic14/gen.c:7277:genCast
                      00716 ;;      1109 rIdx = r0x1048 
0068   08??           00717         MOVF    r0x1001,W
                      00718 ;; >>> /home/sdcc-builder/build/sdcc-build/orig/sdcc/src/pic14/gen.c:7278:genCast
                      00719 ;;      1109 rIdx = r0x104B 
0069   00??           00720         MOVWF   r0x1003
                      00721 ;;; /home/sdcc-builder/build/sdcc-build/orig/sdcc/src/pic14/gen.c:2316:resultRemat *{*
                      00722 ;;; /home/sdcc-builder/build/sdcc-build/orig/sdcc/src/pic14/gen.c:2086:genCall *{*
                      00723 ;; ***  genCall  2088
                      00724 ;;; /home/sdcc-builder/build/sdcc-build/orig/sdcc/src/pic14/gen.c:1801:saveRegisters *{*
                      00725 ;; ***  saveRegisters  1803
                      00726 ;; >>> /home/sdcc-builder/build/sdcc-build/orig/sdcc/src/pic14/gen.c:2173:genCall
gpasm-1.4.0 #1106 (Oct  6 2014) obj\Debug\eep   7-3-2020  21:01:56          PAGE 15


LOC    OBJECT CODE    LINE  SOURCE TEXT
  VALUE

                      00727         .line   39; "eeprom_ext.c"      I2C_Start();
006A   ???? ????      00728         PAGESEL _I2C_Start
                      00729 ;; >>> /home/sdcc-builder/build/sdcc-build/orig/sdcc/src/pic14/gen.c:2175:genCall
006C   2???           00730         CALL    _I2C_Start
                      00731 ;; >>> /home/sdcc-builder/build/sdcc-build/orig/sdcc/src/pic14/gen.c:2181:genCall
006D   ???? ????      00732         PAGESEL $
                      00733 ;;; /home/sdcc-builder/build/sdcc-build/orig/sdcc/src/pic14/gen.c:1845:unsaveRegisters *{*
                      00734 ;; ***  unsaveRegisters  1847
                      00735 ;;; /home/sdcc-builder/build/sdcc-build/orig/sdcc/src/pic14/gen.c:2316:resultRemat *{*
                      00736 ;;; /home/sdcc-builder/build/sdcc-build/orig/sdcc/src/pic14/gen.c:6759:genIfx *{*
                      00737 ;; ***  genIfx  6760
                      00738 ;;      694 register type nRegs=1
                      00739 ;; ***  pic14_toBoolean  1515
                      00740 ;; >>> /home/sdcc-builder/build/sdcc-build/orig/sdcc/src/pic14/gen.c:1522:pic14_toBoolean
                      00741         .line   40; "eeprom_ext.c"      if(ah)
006F   ???? ????      00742         BANKSEL r0x1002
0071   08??           00743         MOVF    r0x1002,W
0072   1903           00744         BTFSC   STATUS,2
                      00745 ;; >>> /home/sdcc-builder/build/sdcc-build/orig/sdcc/src/pic14/gen.c:6814:genIfx
                      00746 ;; ***  popGetLabel  key=2, label offset 4
0073   2???           00747         GOTO    _00106_DS_
                      00748 ;;; /home/sdcc-builder/build/sdcc-build/orig/sdcc/src/pic14/gen.c:2316:resultRemat *{*
                      00749 ;;; /home/sdcc-builder/build/sdcc-build/orig/sdcc/src/pic14/gen.c:2316:resultRemat *{*
                      00750 ;;; /home/sdcc-builder/build/sdcc-build/orig/sdcc/src/pic14/gen.c:2086:genCall *{*
                      00751 ;; ***  genCall  2088
                      00752 ;;; /home/sdcc-builder/build/sdcc-build/orig/sdcc/src/pic14/gen.c:1801:saveRegisters *{*
                      00753 ;; ***  saveRegisters  1803
                      00754 ;;      2135 left AOP_LIT
                      00755 ;;; /home/sdcc-builder/build/sdcc-build/orig/sdcc/src/pic14/gen.c:1343:mov2w_op *{*
                      00756 ;; >>> /home/sdcc-builder/build/sdcc-build/orig/sdcc/src/pic14/gen.c:1361:mov2w_op
                      00757         .line   42; "eeprom_ext.c"      I2C_Write(0xA2);
0074   30A2           00758         MOVLW   0xa2
                      00759 ;; >>> /home/sdcc-builder/build/sdcc-build/orig/sdcc/src/pic14/gen.c:2173:genCall
0075   ???? ????      00760         PAGESEL _I2C_Write
                      00761 ;; >>> /home/sdcc-builder/build/sdcc-build/orig/sdcc/src/pic14/gen.c:2175:genCall
0077   2???           00762         CALL    _I2C_Write
                      00763 ;; >>> /home/sdcc-builder/build/sdcc-build/orig/sdcc/src/pic14/gen.c:2181:genCall
0078   ???? ????      00764         PAGESEL $
                      00765 ;;; /home/sdcc-builder/build/sdcc-build/orig/sdcc/src/pic14/gen.c:1845:unsaveRegisters *{*
                      00766 ;; ***  unsaveRegisters  1847
                      00767 ;;; /home/sdcc-builder/build/sdcc-build/orig/sdcc/src/pic14/gen.c:2316:resultRemat *{*
                      00768 ;;; /home/sdcc-builder/build/sdcc-build/orig/sdcc/src/pic14/gen.c:2778:genGoto *{*
                      00769 ;; >>> /home/sdcc-builder/build/sdcc-build/orig/sdcc/src/pic14/gen.c:2780:genGoto
                      00770 ;; ***  popGetLabel  key=3, label offset 4
007A   2???           00771         GOTO    _00107_DS_
                      00772 ;;; /home/sdcc-builder/build/sdcc-build/orig/sdcc/src/pic14/gen.c:2316:resultRemat *{*
                      00773 ;;; /home/sdcc-builder/build/sdcc-build/orig/sdcc/src/pic14/gen.c:2760:genLabel *{*
                      00774 ;; ***  genLabel  2763
                      00775 ;;; /home/sdcc-builder/build/sdcc-build/orig/sdcc/src/pic14/gen.c:2316:resultRemat *{*
                      00776 ;;; /home/sdcc-builder/build/sdcc-build/orig/sdcc/src/pic14/gen.c:2316:resultRemat *{*
                      00777 ;;; /home/sdcc-builder/build/sdcc-build/orig/sdcc/src/pic14/gen.c:2086:genCall *{*
                      00778 ;; ***  genCall  2088
                      00779 ;;; /home/sdcc-builder/build/sdcc-build/orig/sdcc/src/pic14/gen.c:1801:saveRegisters *{*
gpasm-1.4.0 #1106 (Oct  6 2014) obj\Debug\eep   7-3-2020  21:01:56          PAGE 16


LOC    OBJECT CODE    LINE  SOURCE TEXT
  VALUE

                      00780 ;; ***  saveRegisters  1803
                      00781 ;;      2135 left AOP_LIT
                      00782 ;;; /home/sdcc-builder/build/sdcc-build/orig/sdcc/src/pic14/gen.c:1343:mov2w_op *{*
                      00783 ;; >>> /home/sdcc-builder/build/sdcc-build/orig/sdcc/src/pic14/gen.c:1361:mov2w_op
007B                  00784 _00106_DS_
                      00785         .line   46; "eeprom_ext.c"      I2C_Write(0xA0);
007B   30A0           00786         MOVLW   0xa0
                      00787 ;; >>> /home/sdcc-builder/build/sdcc-build/orig/sdcc/src/pic14/gen.c:2173:genCall
007C   ???? ????      00788         PAGESEL _I2C_Write
                      00789 ;; >>> /home/sdcc-builder/build/sdcc-build/orig/sdcc/src/pic14/gen.c:2175:genCall
007E   2???           00790         CALL    _I2C_Write
                      00791 ;; >>> /home/sdcc-builder/build/sdcc-build/orig/sdcc/src/pic14/gen.c:2181:genCall
007F   ???? ????      00792         PAGESEL $
                      00793 ;;; /home/sdcc-builder/build/sdcc-build/orig/sdcc/src/pic14/gen.c:1845:unsaveRegisters *{*
                      00794 ;; ***  unsaveRegisters  1847
                      00795 ;;; /home/sdcc-builder/build/sdcc-build/orig/sdcc/src/pic14/gen.c:2316:resultRemat *{*
                      00796 ;;; /home/sdcc-builder/build/sdcc-build/orig/sdcc/src/pic14/gen.c:2760:genLabel *{*
                      00797 ;; ***  genLabel  2763
                      00798 ;;; /home/sdcc-builder/build/sdcc-build/orig/sdcc/src/pic14/gen.c:2316:resultRemat *{*
                      00799 ;;; /home/sdcc-builder/build/sdcc-build/orig/sdcc/src/pic14/gen.c:2316:resultRemat *{*
                      00800 ;;; /home/sdcc-builder/build/sdcc-build/orig/sdcc/src/pic14/gen.c:2086:genCall *{*
                      00801 ;; ***  genCall  2088
                      00802 ;;; /home/sdcc-builder/build/sdcc-build/orig/sdcc/src/pic14/gen.c:1801:saveRegisters *{*
                      00803 ;; ***  saveRegisters  1803
                      00804 ;;      694 register type nRegs=1
                      00805 ;;      694 register type nRegs=1
                      00806 ;;      2135 left AOP_REG
                      00807 ;;; /home/sdcc-builder/build/sdcc-build/orig/sdcc/src/pic14/gen.c:1343:mov2w_op *{*
                      00808 ;; ***  mov2w  1381  offset=0
                      00809 ;; >>> /home/sdcc-builder/build/sdcc-build/orig/sdcc/src/pic14/gen.c:1386:mov2w
                      00810 ;;      1109 rIdx = r0x104B 
0081                  00811 _00107_DS_
                      00812         .line   48; "eeprom_ext.c"      I2C_Write(al);
0081   ???? ????      00813         BANKSEL r0x1003
0083   08??           00814         MOVF    r0x1003,W
                      00815 ;; >>> /home/sdcc-builder/build/sdcc-build/orig/sdcc/src/pic14/gen.c:2173:genCall
0084   ???? ????      00816         PAGESEL _I2C_Write
                      00817 ;; >>> /home/sdcc-builder/build/sdcc-build/orig/sdcc/src/pic14/gen.c:2175:genCall
0086   2???           00818         CALL    _I2C_Write
                      00819 ;; >>> /home/sdcc-builder/build/sdcc-build/orig/sdcc/src/pic14/gen.c:2181:genCall
0087   ???? ????      00820         PAGESEL $
                      00821 ;;; /home/sdcc-builder/build/sdcc-build/orig/sdcc/src/pic14/gen.c:1845:unsaveRegisters *{*
                      00822 ;; ***  unsaveRegisters  1847
                      00823 ;;; /home/sdcc-builder/build/sdcc-build/orig/sdcc/src/pic14/gen.c:2316:resultRemat *{*
                      00824 ;;; /home/sdcc-builder/build/sdcc-build/orig/sdcc/src/pic14/gen.c:2086:genCall *{*
                      00825 ;; ***  genCall  2088
                      00826 ;;; /home/sdcc-builder/build/sdcc-build/orig/sdcc/src/pic14/gen.c:1801:saveRegisters *{*
                      00827 ;; ***  saveRegisters  1803
                      00828 ;; >>> /home/sdcc-builder/build/sdcc-build/orig/sdcc/src/pic14/gen.c:2173:genCall
                      00829         .line   50; "eeprom_ext.c"      I2C_Start();
0089   ???? ????      00830         PAGESEL _I2C_Start
                      00831 ;; >>> /home/sdcc-builder/build/sdcc-build/orig/sdcc/src/pic14/gen.c:2175:genCall
008B   2???           00832         CALL    _I2C_Start
gpasm-1.4.0 #1106 (Oct  6 2014) obj\Debug\eep   7-3-2020  21:01:56          PAGE 17


LOC    OBJECT CODE    LINE  SOURCE TEXT
  VALUE

                      00833 ;; >>> /home/sdcc-builder/build/sdcc-build/orig/sdcc/src/pic14/gen.c:2181:genCall
008C   ???? ????      00834         PAGESEL $
                      00835 ;;; /home/sdcc-builder/build/sdcc-build/orig/sdcc/src/pic14/gen.c:1845:unsaveRegisters *{*
                      00836 ;; ***  unsaveRegisters  1847
                      00837 ;;; /home/sdcc-builder/build/sdcc-build/orig/sdcc/src/pic14/gen.c:2316:resultRemat *{*
                      00838 ;;; /home/sdcc-builder/build/sdcc-build/orig/sdcc/src/pic14/gen.c:6759:genIfx *{*
                      00839 ;; ***  genIfx  6760
                      00840 ;;      694 register type nRegs=1
                      00841 ;; ***  pic14_toBoolean  1515
                      00842 ;; >>> /home/sdcc-builder/build/sdcc-build/orig/sdcc/src/pic14/gen.c:1522:pic14_toBoolean
                      00843         .line   51; "eeprom_ext.c"      if(ah)
008E   ???? ????      00844         BANKSEL r0x1002
0090   08??           00845         MOVF    r0x1002,W
0091   1903           00846         BTFSC   STATUS,2
                      00847 ;; >>> /home/sdcc-builder/build/sdcc-build/orig/sdcc/src/pic14/gen.c:6814:genIfx
                      00848 ;; ***  popGetLabel  key=5, label offset 4
0092   2???           00849         GOTO    _00109_DS_
                      00850 ;;; /home/sdcc-builder/build/sdcc-build/orig/sdcc/src/pic14/gen.c:2316:resultRemat *{*
                      00851 ;;; /home/sdcc-builder/build/sdcc-build/orig/sdcc/src/pic14/gen.c:2316:resultRemat *{*
                      00852 ;;; /home/sdcc-builder/build/sdcc-build/orig/sdcc/src/pic14/gen.c:2086:genCall *{*
                      00853 ;; ***  genCall  2088
                      00854 ;;; /home/sdcc-builder/build/sdcc-build/orig/sdcc/src/pic14/gen.c:1801:saveRegisters *{*
                      00855 ;; ***  saveRegisters  1803
                      00856 ;;      2135 left AOP_LIT
                      00857 ;;; /home/sdcc-builder/build/sdcc-build/orig/sdcc/src/pic14/gen.c:1343:mov2w_op *{*
                      00858 ;; >>> /home/sdcc-builder/build/sdcc-build/orig/sdcc/src/pic14/gen.c:1361:mov2w_op
                      00859         .line   53; "eeprom_ext.c"      I2C_Write(0xA3);
0093   30A3           00860         MOVLW   0xa3
                      00861 ;; >>> /home/sdcc-builder/build/sdcc-build/orig/sdcc/src/pic14/gen.c:2173:genCall
0094   ???? ????      00862         PAGESEL _I2C_Write
                      00863 ;; >>> /home/sdcc-builder/build/sdcc-build/orig/sdcc/src/pic14/gen.c:2175:genCall
0096   2???           00864         CALL    _I2C_Write
                      00865 ;; >>> /home/sdcc-builder/build/sdcc-build/orig/sdcc/src/pic14/gen.c:2181:genCall
0097   ???? ????      00866         PAGESEL $
                      00867 ;;; /home/sdcc-builder/build/sdcc-build/orig/sdcc/src/pic14/gen.c:1845:unsaveRegisters *{*
                      00868 ;; ***  unsaveRegisters  1847
                      00869 ;;; /home/sdcc-builder/build/sdcc-build/orig/sdcc/src/pic14/gen.c:2316:resultRemat *{*
                      00870 ;;; /home/sdcc-builder/build/sdcc-build/orig/sdcc/src/pic14/gen.c:2778:genGoto *{*
                      00871 ;; >>> /home/sdcc-builder/build/sdcc-build/orig/sdcc/src/pic14/gen.c:2780:genGoto
                      00872 ;; ***  popGetLabel  key=6, label offset 4
0099   2???           00873         GOTO    _00110_DS_
                      00874 ;;; /home/sdcc-builder/build/sdcc-build/orig/sdcc/src/pic14/gen.c:2316:resultRemat *{*
                      00875 ;;; /home/sdcc-builder/build/sdcc-build/orig/sdcc/src/pic14/gen.c:2760:genLabel *{*
                      00876 ;; ***  genLabel  2763
                      00877 ;;; /home/sdcc-builder/build/sdcc-build/orig/sdcc/src/pic14/gen.c:2316:resultRemat *{*
                      00878 ;;; /home/sdcc-builder/build/sdcc-build/orig/sdcc/src/pic14/gen.c:2316:resultRemat *{*
                      00879 ;;; /home/sdcc-builder/build/sdcc-build/orig/sdcc/src/pic14/gen.c:2086:genCall *{*
                      00880 ;; ***  genCall  2088
                      00881 ;;; /home/sdcc-builder/build/sdcc-build/orig/sdcc/src/pic14/gen.c:1801:saveRegisters *{*
                      00882 ;; ***  saveRegisters  1803
                      00883 ;;      2135 left AOP_LIT
                      00884 ;;; /home/sdcc-builder/build/sdcc-build/orig/sdcc/src/pic14/gen.c:1343:mov2w_op *{*
                      00885 ;; >>> /home/sdcc-builder/build/sdcc-build/orig/sdcc/src/pic14/gen.c:1361:mov2w_op
gpasm-1.4.0 #1106 (Oct  6 2014) obj\Debug\eep   7-3-2020  21:01:56          PAGE 18


LOC    OBJECT CODE    LINE  SOURCE TEXT
  VALUE

009A                  00886 _00109_DS_
                      00887         .line   57; "eeprom_ext.c"      I2C_Write(0xA1);
009A   30A1           00888         MOVLW   0xa1
                      00889 ;; >>> /home/sdcc-builder/build/sdcc-build/orig/sdcc/src/pic14/gen.c:2173:genCall
009B   ???? ????      00890         PAGESEL _I2C_Write
                      00891 ;; >>> /home/sdcc-builder/build/sdcc-build/orig/sdcc/src/pic14/gen.c:2175:genCall
009D   2???           00892         CALL    _I2C_Write
                      00893 ;; >>> /home/sdcc-builder/build/sdcc-build/orig/sdcc/src/pic14/gen.c:2181:genCall
009E   ???? ????      00894         PAGESEL $
                      00895 ;;; /home/sdcc-builder/build/sdcc-build/orig/sdcc/src/pic14/gen.c:1845:unsaveRegisters *{*
                      00896 ;; ***  unsaveRegisters  1847
                      00897 ;;; /home/sdcc-builder/build/sdcc-build/orig/sdcc/src/pic14/gen.c:2316:resultRemat *{*
                      00898 ;;; /home/sdcc-builder/build/sdcc-build/orig/sdcc/src/pic14/gen.c:2760:genLabel *{*
                      00899 ;; ***  genLabel  2763
                      00900 ;;; /home/sdcc-builder/build/sdcc-build/orig/sdcc/src/pic14/gen.c:2316:resultRemat *{*
                      00901 ;;; /home/sdcc-builder/build/sdcc-build/orig/sdcc/src/pic14/gen.c:2086:genCall *{*
                      00902 ;; ***  genCall  2088
                      00903 ;;; /home/sdcc-builder/build/sdcc-build/orig/sdcc/src/pic14/gen.c:1801:saveRegisters *{*
                      00904 ;; ***  saveRegisters  1803
                      00905 ;; >>> /home/sdcc-builder/build/sdcc-build/orig/sdcc/src/pic14/gen.c:2173:genCall
00A0                  00906 _00110_DS_
                      00907         .line   59; "eeprom_ext.c"      ret=I2C_Read_Byte();
00A0   ???? ????      00908         PAGESEL _I2C_Read_Byte
                      00909 ;; >>> /home/sdcc-builder/build/sdcc-build/orig/sdcc/src/pic14/gen.c:2175:genCall
00A2   2???           00910         CALL    _I2C_Read_Byte
                      00911 ;; >>> /home/sdcc-builder/build/sdcc-build/orig/sdcc/src/pic14/gen.c:2181:genCall
00A3   ???? ????      00912         PAGESEL $
                      00913 ;;      694 register type nRegs=1
                      00914 ;;; /home/sdcc-builder/build/sdcc-build/orig/sdcc/src/pic14/gen.c:1907:assignResultValue *{*
                      00915 ;; ***  assignResultValue  1909
                      00916 ;;      line = 1911 result -=-, size=0, left AOP_REG=r0x1048, size=1, right -=-, size=0
                      00917 ;; >>> /home/sdcc-builder/build/sdcc-build/orig/sdcc/src/pic14/gen.c:1393:movwf
                      00918 ;;      1109 rIdx = r0x1048 
00A5   ???? ????      00919         BANKSEL r0x1001
00A7   00??           00920         MOVWF   r0x1001
                      00921 ;;      2195 left AOP_REG
                      00922 ;;; /home/sdcc-builder/build/sdcc-build/orig/sdcc/src/pic14/gen.c:1845:unsaveRegisters *{*
                      00923 ;; ***  unsaveRegisters  1847
                      00924 ;;; /home/sdcc-builder/build/sdcc-build/orig/sdcc/src/pic14/gen.c:2316:resultRemat *{*
                      00925 ;;; /home/sdcc-builder/build/sdcc-build/orig/sdcc/src/pic14/gen.c:2086:genCall *{*
                      00926 ;; ***  genCall  2088
                      00927 ;;; /home/sdcc-builder/build/sdcc-build/orig/sdcc/src/pic14/gen.c:1801:saveRegisters *{*
                      00928 ;; ***  saveRegisters  1803
                      00929 ;; >>> /home/sdcc-builder/build/sdcc-build/orig/sdcc/src/pic14/gen.c:2173:genCall
                      00930         .line   60; "eeprom_ext.c"      I2C_Stop();
00A8   ???? ????      00931         PAGESEL _I2C_Stop
                      00932 ;; >>> /home/sdcc-builder/build/sdcc-build/orig/sdcc/src/pic14/gen.c:2175:genCall
00AA   2???           00933         CALL    _I2C_Stop
                      00934 ;; >>> /home/sdcc-builder/build/sdcc-build/orig/sdcc/src/pic14/gen.c:2181:genCall
00AB   ???? ????      00935         PAGESEL $
                      00936 ;;; /home/sdcc-builder/build/sdcc-build/orig/sdcc/src/pic14/gen.c:1845:unsaveRegisters *{*
                      00937 ;; ***  unsaveRegisters  1847
                      00938 ;;; /home/sdcc-builder/build/sdcc-build/orig/sdcc/src/pic14/gen.c:2316:resultRemat *{*
gpasm-1.4.0 #1106 (Oct  6 2014) obj\Debug\eep   7-3-2020  21:01:56          PAGE 19


LOC    OBJECT CODE    LINE  SOURCE TEXT
  VALUE

                      00939 ;;; /home/sdcc-builder/build/sdcc-build/orig/sdcc/src/pic14/gen.c:2683:genRet *{*
                      00940 ;; ***  genRet  2685
                      00941 ;;      694 register type nRegs=1
                      00942 ;;; /home/sdcc-builder/build/sdcc-build/orig/sdcc/src/pic14/gen.c:1343:mov2w_op *{*
                      00943 ;; ***  mov2w  1381  offset=0
                      00944 ;; >>> /home/sdcc-builder/build/sdcc-build/orig/sdcc/src/pic14/gen.c:1386:mov2w
                      00945 ;;      1109 rIdx = r0x1048 
                      00946         .line   62; "eeprom_ext.c"      return ret;
00AD   ???? ????      00947         BANKSEL r0x1001
00AF   08??           00948         MOVF    r0x1001,W
                      00949 ;;; /home/sdcc-builder/build/sdcc-build/orig/sdcc/src/pic14/gen.c:2316:resultRemat *{*
                      00950 ;;; /home/sdcc-builder/build/sdcc-build/orig/sdcc/src/pic14/gen.c:2760:genLabel *{*
                      00951 ;; ***  genLabel  2763
                      00952 ;;; /home/sdcc-builder/build/sdcc-build/orig/sdcc/src/pic14/gen.c:2316:resultRemat *{*
                      00953 ;;; /home/sdcc-builder/build/sdcc-build/orig/sdcc/src/pic14/gen.c:2528:genEndFunction *{*
                      00954 ;; ***  genEndFunction  2530
00B0   0008           00955         RETURN  
                      00956 ; exit point of _e2pext_r
                      00957 ;;; /home/sdcc-builder/build/sdcc-build/orig/sdcc/src/pic14/gen.c:7426:genpic14Code *{*
                      00958 
                      00959 
                      00960 ;       code size estimation:
                      00961 ;          91+   43 =   134 instructions (  354 byte)
                      00962 
                      00963         end
gpasm-1.4.0 #1106 (Oct  6 2014) obj\Debug\eep   7-3-2020  21:01:56          PAGE 20


SYMBOL TABLE
  LABEL                             VALUE

ACKDT                             00000005
ACKEN                             00000004
ACKSTAT                           00000006
ADCON0                            0000001F
ADCON1                            0000009F
ADCS0                             00000006
ADCS1                             00000007
ADCS2                             00000006
ADDEN                             00000003
ADFM                              00000007
ADIE                              00000006
ADIF                              00000006
ADON                              00000000
ADRESH                            0000001E
ADRESL                            0000009E
BCLIE                             00000003
BCLIF                             00000003
BF                                00000000
BRGH                              00000002
C                                 00000000
C1INV                             00000004
C1OUT                             00000006
C2INV                             00000005
C2OUT                             00000007
CCP1CON                           00000017
CCP1IE                            00000002
CCP1IF                            00000002
CCP1M0                            00000000
CCP1M1                            00000001
CCP1M2                            00000002
CCP1M3                            00000003
CCP1X                             00000005
CCP1Y                             00000004
CCP2CON                           0000001D
CCP2IE                            00000000
CCP2IF                            00000000
CCP2M0                            00000000
CCP2M1                            00000001
CCP2M2                            00000002
CCP2M3                            00000003
CCP2X                             00000005
CCP2Y                             00000004
CCPR1                             00000015
CCPR1H                            00000016
CCPR1L                            00000015
CCPR2                             0000001B
CCPR2H                            0000001C
CCPR2L                            0000001B
CHS0                              00000003
CHS1                              00000004
CHS2                              00000005
CIS                               00000003
CKE                               00000006
gpasm-1.4.0 #1106 (Oct  6 2014) obj\Debug\eep   7-3-2020  21:01:56          PAGE 21


SYMBOL TABLE
  LABEL                             VALUE 

CKP                               00000004
CM0                               00000000
CM1                               00000001
CM2                               00000002
CMCON                             0000009C
CMIE                              00000006
CMIF                              00000006
CREN                              00000004
CSRC                              00000007
CVR0                              00000000
CVR1                              00000001
CVR2                              00000002
CVR3                              00000003
CVRCON                            0000009D
CVREN                             00000007
CVROE                             00000006
CVRR                              00000005
D                                 00000005
DATA_ADDRESS                      00000005
DC                                00000001
D_A                               00000005
D_NOT_A                           00000005
EEADR                             0000010D
EEADRH                            0000010F
EECON1                            0000018C
EECON2                            0000018D
EEDATA                            0000010C
EEDATH                            0000010E
EEIE                              00000004
EEIF                              00000004
EEPGD                             00000007
F                                 00000001
FERR                              00000002
FSR                               00000004
GCEN                              00000007
GIE                               00000007
GO                                00000002
GO_DONE                           00000002
GO_NOT_DONE                       00000002
I2C_DATA                          00000005
I2C_READ                          00000002
I2C_START                         00000003
I2C_STOP                          00000004
IBF                               00000007
IBOV                              00000005
INDF                              00000000
INTCON                            0000000B
INTE                              00000004
INTEDG                            00000006
INTF                              00000001
IRP                               00000007
NOT_A                             00000005
NOT_ADDRESS                       00000005
gpasm-1.4.0 #1106 (Oct  6 2014) obj\Debug\eep   7-3-2020  21:01:56          PAGE 22


SYMBOL TABLE
  LABEL                             VALUE 

NOT_BO                            00000000
NOT_BOR                           00000000
NOT_DONE                          00000002
NOT_PD                            00000003
NOT_POR                           00000001
NOT_RBPU                          00000007
NOT_RC8                           00000006
NOT_T1SYNC                        00000002
NOT_TO                            00000004
NOT_TX8                           00000006
NOT_W                             00000002
NOT_WRITE                         00000002
OBF                               00000006
OERR                              00000001
OPTION_REG                        00000081
P                                 00000004
PCFG0                             00000000
PCFG1                             00000001
PCFG2                             00000002
PCFG3                             00000003
PCL                               00000002
PCLATH                            0000000A
PCON                              0000008E
PEIE                              00000006
PEN                               00000002
PIE1                              0000008C
PIE2                              0000008D
PIR1                              0000000C
PIR2                              0000000D
PORTA                             00000005
PORTB                             00000006
PORTC                             00000007
PORTD                             00000008
PORTE                             00000009
PR2                               00000092
PS0                               00000000
PS1                               00000001
PS2                               00000002
PSA                               00000003
PSAVE                             00000000
PSPIE                             00000007
PSPIF                             00000007
PSPMODE                           00000004
R                                 00000002
RA0                               00000000
RA1                               00000001
RA2                               00000002
RA3                               00000003
RA4                               00000004
RA5                               00000005
RB0                               00000000
RB1                               00000001
RB2                               00000002
gpasm-1.4.0 #1106 (Oct  6 2014) obj\Debug\eep   7-3-2020  21:01:56          PAGE 23


SYMBOL TABLE
  LABEL                             VALUE 

RB3                               00000003
RB4                               00000004
RB5                               00000005
RB6                               00000006
RB7                               00000007
RBIE                              00000003
RBIF                              00000000
RC0                               00000000
RC1                               00000001
RC2                               00000002
RC3                               00000003
RC4                               00000004
RC5                               00000005
RC6                               00000006
RC7                               00000007
RC8_9                             00000006
RC9                               00000006
RCD8                              00000000
RCEN                              00000003
RCIE                              00000005
RCIF                              00000005
RCREG                             0000001A
RCSTA                             00000018
RD                                00000000
RD0                               00000000
RD1                               00000001
RD2                               00000002
RD3                               00000003
RD4                               00000004
RD5                               00000005
RD6                               00000006
RD7                               00000007
RE0                               00000000
RE1                               00000001
RE2                               00000002
READ_WRITE                        00000002
RP0                               00000005
RP1                               00000006
RSEN                              00000001
RX9                               00000006
RX9D                              00000000
R_NOT_W                           00000002
R_W                               00000002
S                                 00000003
SEN                               00000000
SMP                               00000007
SPBRG                             00000099
SPEN                              00000007
SREN                              00000005
SSAVE                             00000000
SSPADD                            00000093
SSPBUF                            00000013
SSPCON                            00000014
gpasm-1.4.0 #1106 (Oct  6 2014) obj\Debug\eep   7-3-2020  21:01:56          PAGE 24


SYMBOL TABLE
  LABEL                             VALUE 

SSPCON2                           00000091
SSPEN                             00000005
SSPIE                             00000003
SSPIF                             00000003
SSPM0                             00000000
SSPM1                             00000001
SSPM2                             00000002
SSPM3                             00000003
SSPOV                             00000006
SSPSTAT                           00000094
STATUS                            00000003
STK00                             00000000
STK01                             00000000
STK02                             00000000
STK03                             00000000
STK04                             00000000
STK05                             00000000
STK06                             00000000
STK07                             00000000
STK08                             00000000
STK09                             00000000
STK10                             00000000
STK11                             00000000
STK12                             00000000
SYNC                              00000004
T0CS                              00000005
T0IE                              00000005
T0IF                              00000002
T0SE                              00000004
T1CKPS0                           00000004
T1CKPS1                           00000005
T1CON                             00000010
T1INSYNC                          00000002
T1OSCEN                           00000003
T1SYNC                            00000002
T2CKPS0                           00000000
T2CKPS1                           00000001
T2CON                             00000012
TMR0                              00000001
TMR0IE                            00000005
TMR0IF                            00000002
TMR1                              0000000E
TMR1CS                            00000001
TMR1H                             0000000F
TMR1IE                            00000000
TMR1IF                            00000000
TMR1L                             0000000E
TMR1ON                            00000000
TMR2                              00000011
TMR2IE                            00000001
TMR2IF                            00000001
TMR2ON                            00000002
TOUTPS0                           00000003
gpasm-1.4.0 #1106 (Oct  6 2014) obj\Debug\eep   7-3-2020  21:01:56          PAGE 25


SYMBOL TABLE
  LABEL                             VALUE 

TOUTPS1                           00000004
TOUTPS2                           00000005
TOUTPS3                           00000006
TRISA                             00000085
TRISA0                            00000000
TRISA1                            00000001
TRISA2                            00000002
TRISA3                            00000003
TRISA4                            00000004
TRISA5                            00000005
TRISB                             00000086
TRISB0                            00000000
TRISB1                            00000001
TRISB2                            00000002
TRISB3                            00000003
TRISB4                            00000004
TRISB5                            00000005
TRISB6                            00000006
TRISB7                            00000007
TRISC                             00000087
TRISC0                            00000000
TRISC1                            00000001
TRISC2                            00000002
TRISC3                            00000003
TRISC4                            00000004
TRISC5                            00000005
TRISC6                            00000006
TRISC7                            00000007
TRISD                             00000088
TRISD0                            00000000
TRISD1                            00000001
TRISD2                            00000002
TRISD3                            00000003
TRISD4                            00000004
TRISD5                            00000005
TRISD6                            00000006
TRISD7                            00000007
TRISE                             00000089
TRISE0                            00000000
TRISE1                            00000001
TRISE2                            00000002
TRMT                              00000001
TX8_9                             00000006
TX9                               00000006
TX9D                              00000000
TXD8                              00000000
TXEN                              00000005
TXIE                              00000004
TXIF                              00000004
TXREG                             00000019
TXSTA                             00000098
UA                                00000001
W                                 00000000
gpasm-1.4.0 #1106 (Oct  6 2014) obj\Debug\eep   7-3-2020  21:01:56          PAGE 26


SYMBOL TABLE
  LABEL                             VALUE 

WCOL                              00000007
WR                                00000001
WREN                              00000002
WRERR                             00000003
WSAVE                             00000000
Z                                 00000002
_00106_DS_                        0000007B
_00107_DS_                        00000081
_00109_DS_                        0000009A
_00110_DS_                        000000A0
_00116_DS_                        00000026
_00117_DS_                        0000002C
_00119_DS_                        00000015
_00122_DS_                        0000005C
_00134_DS_                        00000056
_ADCON0                           00000000
_ADCON0bits                       00000000
_ADCON1                           00000000
_ADCON1bits                       00000000
_ADRESH                           00000000
_ADRESL                           00000000
_BODEN_OFF                        00003FBF
_BODEN_ON                         00003FFF
_BOREN_OFF                        00003FBF
_BOREN_ON                         00003FFF
_CCP1CON                          00000000
_CCP1CONbits                      00000000
_CCP2CON                          00000000
_CCP2CONbits                      00000000
_CCPR1                            00000000
_CCPR1H                           00000000
_CCPR1L                           00000000
_CCPR2                            00000000
_CCPR2H                           00000000
_CCPR2L                           00000000
_CMCON                            00000000
_CMCONbits                        00000000
_CONFIG                           00002007
_CPD_OFF                          00003FFF
_CPD_ON                           00003EFF
_CP_ALL                           00001FFF
_CP_OFF                           00003FFF
_CP_ON                            00001FFF
_CVRCON                           00000000
_CVRCONbits                       00000000
_DEBUG_OFF                        00003FFF
_DEBUG_ON                         000037FF
_DEVID1                           00002006
_EEADR                            00000000
_EEADRH                           00000000
_EECON1                           00000000
_EECON1bits                       00000000
_EECON2                           00000000
gpasm-1.4.0 #1106 (Oct  6 2014) obj\Debug\eep   7-3-2020  21:01:56          PAGE 27


SYMBOL TABLE
  LABEL                             VALUE 

_EEDATA                           00000000
_EEDATH                           00000000
_FOSC_EXTRC                       00003FFF
_FOSC_HS                          00003FFE
_FOSC_LP                          00003FFC
_FOSC_XT                          00003FFD
_FSR                              00000000
_HS_OSC                           00003FFE
_I2C_ACK                          00000000
_I2C_Init                         00000000
_I2C_NACK                         00000000
_I2C_Read_Byte                    00000000
_I2C_Read_NACK                    00000000
_I2C_Restart                      00000000
_I2C_Start                        00000000
_I2C_Stop                         00000000
_I2C_Wait                         00000000
_I2C_Write                        00000000
_IDLOC0                           00002000
_IDLOC1                           00002001
_IDLOC2                           00002002
_IDLOC3                           00002003
_INDF                             00000000
_INTCON                           00000000
_INTCONbits                       00000000
_LP_OSC                           00003FFC
_LVP_OFF                          00003F7F
_LVP_ON                           00003FFF
_OPTION_REG                       00000000
_OPTION_REGbits                   00000000
_PCL                              00000000
_PCLATH                           00000000
_PCON                             00000000
_PCONbits                         00000000
_PIE1                             00000000
_PIE1bits                         00000000
_PIE2                             00000000
_PIE2bits                         00000000
_PIR1                             00000000
_PIR1bits                         00000000
_PIR2                             00000000
_PIR2bits                         00000000
_PORTA                            00000000
_PORTAbits                        00000000
_PORTB                            00000000
_PORTBbits                        00000000
_PORTC                            00000000
_PORTCbits                        00000000
_PORTD                            00000000
_PORTDbits                        00000000
_PORTE                            00000000
_PORTEbits                        00000000
_PR2                              00000000
gpasm-1.4.0 #1106 (Oct  6 2014) obj\Debug\eep   7-3-2020  21:01:56          PAGE 28


SYMBOL TABLE
  LABEL                             VALUE 

_PWRTE_OFF                        00003FFF
_PWRTE_ON                         00003FF7
_RCREG                            00000000
_RCSTA                            00000000
_RCSTAbits                        00000000
_RC_OSC                           00003FFF
_SPBRG                            00000000
_SSPADD                           00000000
_SSPBUF                           00000000
_SSPCON                           00000000
_SSPCON2                          00000000
_SSPCON2bits                      00000000
_SSPCONbits                       00000000
_SSPSTAT                          00000000
_SSPSTATbits                      00000000
_STATUS                           00000000
_STATUSbits                       00000000
_T1CON                            00000000
_T1CONbits                        00000000
_T2CON                            00000000
_T2CONbits                        00000000
_TMR0                             00000000
_TMR1                             00000000
_TMR1H                            00000000
_TMR1L                            00000000
_TMR2                             00000000
_TRISA                            00000000
_TRISAbits                        00000000
_TRISB                            00000000
_TRISBbits                        00000000
_TRISC                            00000000
_TRISCbits                        00000000
_TRISD                            00000000
_TRISDbits                        00000000
_TRISE                            00000000
_TRISEbits                        00000000
_TXREG                            00000000
_TXSTA                            00000000
_TXSTAbits                        00000000
_WDTE_OFF                         00003FFB
_WDTE_ON                          00003FFF
_WDT_OFF                          00003FFB
_WDT_ON                           00003FFF
_WRT_1FOURTH                      00003BFF
_WRT_256                          00003DFF
_WRT_HALF                         000039FF
_WRT_OFF                          00003FFF
_XT_OSC                           00003FFD
__16F877A                         00000001
__CODE_END                        00001FFF
__CODE_START                      00000000
__COMMON_RAM_END                  0000007F
__COMMON_RAM_START                00000070
gpasm-1.4.0 #1106 (Oct  6 2014) obj\Debug\eep   7-3-2020  21:01:56          PAGE 29


SYMBOL TABLE
  LABEL                             VALUE 

__EEPROM_END                      000021FF
__EEPROM_START                    00002100
__VECTOR_INT                      00000004
__VECTOR_RESET                    00000000
__itoa                            00000000
__ltoa                            00000000
__print_format                    00000000
__uitoa                           00000000
__ultoa                           00000000
_abs                              00000000
_atof                             00000000
_atoi                             00000000
_atol                             00000000
_calloc                           00000000
_code_eeprom_ext_0018             00000018
_code_eeprom_ext_0023             00000023
_code_eeprom_ext_002A             0000002A
_code_eeprom_ext_0032             00000032
_code_eeprom_ext_003B             0000003B
_code_eeprom_ext_0040             00000040
_code_eeprom_ext_006D             0000006D
_code_eeprom_ext_0078             00000078
_code_eeprom_ext_007F             0000007F
_code_eeprom_ext_0087             00000087
_code_eeprom_ext_008C             0000008C
_code_eeprom_ext_0097             00000097
_code_eeprom_ext_009E             0000009E
_code_eeprom_ext_00A3             000000A3
_code_eeprom_ext_00AB             000000AB
_e2pext_r                         0000005D
_e2pext_w                         00000000
_free                             00000000
_getchar                          00000000
_gets                             00000000
_labs                             00000000
_malloc                           00000000
_printf                           00000000
_printf_small                     00000000
_putchar                          00000000
_puts                             00000000
_rand                             00000000
_realloc                          00000000
_sprintf                          00000000
_srand                            00000000
_vprintf                          00000000
_vsprintf                         00000000
r0x1000                           00000001
r0x1001                           00000000
r0x1002                           00000002
r0x1003                           00000003
r0x1006                           00000005
r0x1007                           00000004
r0x1008                           00000006
gpasm-1.4.0 #1106 (Oct  6 2014) obj\Debug\eep   7-3-2020  21:01:56          PAGE 30


SYMBOL TABLE
  LABEL                             VALUE 

r0x1009                           00000007
r0x100A                           00000008
r0x100B                           00000009
r0x100C                           0000000A
r0x100D                           0000000B
r0x100E                           0000000C
r0x100F                           0000000D

Errors   :     0
Warnings :     0 reported,     0 suppressed
Messages :     0 reported,     0 suppressed

