gpasm-1.4.0 #1106 (Oct  6 2014) obj\Debug\Tim   7-4-2020  14:18:05          PAGE  1


LOC    OBJECT CODE    LINE  SOURCE TEXT
  VALUE

                      00001 ;--------------------------------------------------------
                      00002 ; File Created by SDCC : free open source ANSI-C Compiler
                      00003 ; Version 3.5.0 #9253 (Jun 20 2015) (MINGW32)
                      00004 ; This file was generated Sat Jul 04 14:18:05 2020
                      00005 ;--------------------------------------------------------
                      00006 ; PIC port for the 14-bit core
                      00007 ;--------------------------------------------------------
                      00008         .file   "Timer_delay.c"
                      00009         list    p=16f877a
                      00010         radix dec
                      00011         include "p16f877a.inc"
                      00001         LIST
                      00002 
                      00003 ;==========================================================================
                      00004 ; Build date : Aug 07 2014
                      00005 ;  MPASM PIC16F877A processor include
                      00006 ; 
                      00007 ;  (c) Copyright 1999-2014 Microchip Technology, All rights reserved
                      00008 ;==========================================================================
                      00009 
                      00567         LIST
                      00012 ;--------------------------------------------------------
                      00013 ; external declarations
                      00014 ;--------------------------------------------------------
  0000                00015         extern  __print_format
  0000                00016         extern  _printf_small
  0000                00017         extern  _printf
  0000                00018         extern  _vprintf
  0000                00019         extern  _sprintf
  0000                00020         extern  _vsprintf
  0000                00021         extern  _puts
  0000                00022         extern  _gets
  0000                00023         extern  _getchar
  0000                00024         extern  _putchar
  0000                00025         extern  _calloc
  0000                00026         extern  _malloc
  0000                00027         extern  _realloc
  0000                00028         extern  _free
  0000                00029         extern  _abs
  0000                00030         extern  _labs
  0000                00031         extern  _atof
  0000                00032         extern  _atoi
  0000                00033         extern  _atol
  0000                00034         extern  __uitoa
  0000                00035         extern  __itoa
  0000                00036         extern  __ultoa
  0000                00037         extern  __ltoa
  0000                00038         extern  _rand
  0000                00039         extern  _srand
  0000                00040         extern  _STATUSbits
  0000                00041         extern  _PORTAbits
  0000                00042         extern  _PORTBbits
  0000                00043         extern  _PORTCbits
gpasm-1.4.0 #1106 (Oct  6 2014) obj\Debug\Tim   7-4-2020  14:18:05          PAGE  2


LOC    OBJECT CODE    LINE  SOURCE TEXT
  VALUE

  0000                00044         extern  _PORTDbits
  0000                00045         extern  _PORTEbits
  0000                00046         extern  _INTCONbits
  0000                00047         extern  _PIR1bits
  0000                00048         extern  _PIR2bits
  0000                00049         extern  _T1CONbits
  0000                00050         extern  _T2CONbits
  0000                00051         extern  _SSPCONbits
  0000                00052         extern  _CCP1CONbits
  0000                00053         extern  _RCSTAbits
  0000                00054         extern  _CCP2CONbits
  0000                00055         extern  _ADCON0bits
  0000                00056         extern  _OPTION_REGbits
  0000                00057         extern  _TRISAbits
  0000                00058         extern  _TRISBbits
  0000                00059         extern  _TRISCbits
  0000                00060         extern  _TRISDbits
  0000                00061         extern  _TRISEbits
  0000                00062         extern  _PIE1bits
  0000                00063         extern  _PIE2bits
  0000                00064         extern  _PCONbits
  0000                00065         extern  _SSPCON2bits
  0000                00066         extern  _SSPSTATbits
  0000                00067         extern  _TXSTAbits
  0000                00068         extern  _CMCONbits
  0000                00069         extern  _CVRCONbits
  0000                00070         extern  _ADCON1bits
  0000                00071         extern  _EECON1bits
  0000                00072         extern  _INDF
  0000                00073         extern  _TMR0
  0000                00074         extern  _PCL
  0000                00075         extern  _STATUS
  0000                00076         extern  _FSR
  0000                00077         extern  _PORTA
  0000                00078         extern  _PORTB
  0000                00079         extern  _PORTC
  0000                00080         extern  _PORTD
  0000                00081         extern  _PORTE
  0000                00082         extern  _PCLATH
  0000                00083         extern  _INTCON
  0000                00084         extern  _PIR1
  0000                00085         extern  _PIR2
  0000                00086         extern  _TMR1
  0000                00087         extern  _TMR1L
  0000                00088         extern  _TMR1H
  0000                00089         extern  _T1CON
  0000                00090         extern  _TMR2
  0000                00091         extern  _T2CON
  0000                00092         extern  _SSPBUF
  0000                00093         extern  _SSPCON
  0000                00094         extern  _CCPR1
  0000                00095         extern  _CCPR1L
  0000                00096         extern  _CCPR1H
gpasm-1.4.0 #1106 (Oct  6 2014) obj\Debug\Tim   7-4-2020  14:18:05          PAGE  3


LOC    OBJECT CODE    LINE  SOURCE TEXT
  VALUE

  0000                00097         extern  _CCP1CON
  0000                00098         extern  _RCSTA
  0000                00099         extern  _TXREG
  0000                00100         extern  _RCREG
  0000                00101         extern  _CCPR2
  0000                00102         extern  _CCPR2L
  0000                00103         extern  _CCPR2H
  0000                00104         extern  _CCP2CON
  0000                00105         extern  _ADRESH
  0000                00106         extern  _ADCON0
  0000                00107         extern  _OPTION_REG
  0000                00108         extern  _TRISA
  0000                00109         extern  _TRISB
  0000                00110         extern  _TRISC
  0000                00111         extern  _TRISD
  0000                00112         extern  _TRISE
  0000                00113         extern  _PIE1
  0000                00114         extern  _PIE2
  0000                00115         extern  _PCON
  0000                00116         extern  _SSPCON2
  0000                00117         extern  _PR2
  0000                00118         extern  _SSPADD
  0000                00119         extern  _SSPSTAT
  0000                00120         extern  _TXSTA
  0000                00121         extern  _SPBRG
  0000                00122         extern  _CMCON
  0000                00123         extern  _CVRCON
  0000                00124         extern  _ADRESL
  0000                00125         extern  _ADCON1
  0000                00126         extern  _EEDATA
  0000                00127         extern  _EEADR
  0000                00128         extern  _EEDATH
  0000                00129         extern  _EEADRH
  0000                00130         extern  _EECON1
  0000                00131         extern  _EECON2
                      00132 
  0000                00133         extern PSAVE
  0000                00134         extern SSAVE
  0000                00135         extern WSAVE
  0000                00136         extern STK12
  0000                00137         extern STK11
  0000                00138         extern STK10
  0000                00139         extern STK09
  0000                00140         extern STK08
  0000                00141         extern STK07
  0000                00142         extern STK06
  0000                00143         extern STK05
  0000                00144         extern STK04
  0000                00145         extern STK03
  0000                00146         extern STK02
  0000                00147         extern STK01
  0000                00148         extern STK00
                      00149 ;--------------------------------------------------------
gpasm-1.4.0 #1106 (Oct  6 2014) obj\Debug\Tim   7-4-2020  14:18:05          PAGE  4


LOC    OBJECT CODE    LINE  SOURCE TEXT
  VALUE

                      00150 ; global declarations
                      00151 ;--------------------------------------------------------
  0000                00152         global  _TMR_Delay_100US
  0000                00153         global  _TMR_Delay_MS
  0000                00154         global  _Delay_Stop
  0000                00155         global  _TMR_Delay_CheckOverFlow
  0000                00156         global  _Delay_Start
  0000                00157         global  _Delay_Init
                      00158 
                      00159 ;--------------------------------------------------------
                      00160 ; global definitions
                      00161 ;--------------------------------------------------------
                      00162 ;--------------------------------------------------------
                      00163 ; absolute symbol definitions
                      00164 ;--------------------------------------------------------
                      00165 ;--------------------------------------------------------
                      00166 ; compiler-defined variables
                      00167 ;--------------------------------------------------------
                      00168 UDL_Timer_delay_0       udata
0000                  00169 r0x1000 res     1
0001                  00170 r0x1007 res     1
0002                  00171 r0x1006 res     1
0003                  00172 r0x1008 res     1
0004                  00173 r0x1009 res     1
0005                  00174 r0x100A res     1
0006                  00175 r0x1002 res     1
0007                  00176 r0x1001 res     1
0008                  00177 r0x1003 res     1
0009                  00178 r0x1004 res     1
000A                  00179 r0x1005 res     1
                      00180 ;--------------------------------------------------------
                      00181 ; initialized data
                      00182 ;--------------------------------------------------------
                      00183 ;--------------------------------------------------------
                      00184 ; overlayable items in internal ram 
                      00185 ;--------------------------------------------------------
                      00186 ;       udata_ovr
                      00187 ;--------------------------------------------------------
                      00188 ; code
                      00189 ;--------------------------------------------------------
                      00190 code_Timer_delay        code
                      00191 ;***
                      00192 ;  pBlock Stats: dbName = C
                      00193 ;***
                      00194 ;entry:  _TMR_Delay_100US       ;Function start
                      00195 ; 2 exit points
                      00196 ;has an exit
                      00197 ;functions called:
                      00198 ;   _Delay_Start
                      00199 ;   _TMR_Delay_CheckOverFlow
                      00200 ;   _Delay_Stop
                      00201 ;   _Delay_Start
                      00202 ;   _TMR_Delay_CheckOverFlow
gpasm-1.4.0 #1106 (Oct  6 2014) obj\Debug\Tim   7-4-2020  14:18:05          PAGE  5


LOC    OBJECT CODE    LINE  SOURCE TEXT
  VALUE

                      00203 ;   _Delay_Stop
                      00204 ;6 compiler assigned registers:
                      00205 ;   r0x1001
                      00206 ;   STK00
                      00207 ;   r0x1002
                      00208 ;   r0x1003
                      00209 ;   r0x1004
                      00210 ;   r0x1005
                      00211 ;; Starting pCode block
                      00212 ;;; /home/sdcc-builder/build/sdcc-build/orig/sdcc/src/pic14/gen.c:2316:resultRemat *{*
                      00213 ;;; /home/sdcc-builder/build/sdcc-build/orig/sdcc/src/pic14/gen.c:2760:genLabel *{*
                      00214 ;; ***  genLabel  2763
                      00215 ;;; /home/sdcc-builder/build/sdcc-build/orig/sdcc/src/pic14/gen.c:2316:resultRemat *{*
                      00216 ;;; /home/sdcc-builder/build/sdcc-build/orig/sdcc/src/pic14/gen.c:2340:genFunction *{*
                      00217 ;; ***  genFunction  2342 curr label offset=20previous max_key=23 
0000                  00218 _TMR_Delay_100US        ;Function start
                      00219 ; 2 exit points
                      00220 ;;; /home/sdcc-builder/build/sdcc-build/orig/sdcc/src/pic14/gen.c:2316:resultRemat *{*
                      00221 ;;; /home/sdcc-builder/build/sdcc-build/orig/sdcc/src/pic14/gen.c:7358:genReceive *{*
                      00222 ;; ***  genReceive  7359
                      00223 ;;      694 register type nRegs=2
                      00224 ;;; /home/sdcc-builder/build/sdcc-build/orig/sdcc/src/pic14/gen.c:1907:assignResultValue *{*
                      00225 ;; ***  assignResultValue  1909
                      00226 ;;      line = 1911 result -=-, size=0, left AOP_REG=r0x104E, size=2, right -=-, size=0
                      00227 ;; >>> /home/sdcc-builder/build/sdcc-build/orig/sdcc/src/pic14/gen.c:1393:movwf
                      00228 ;;      1109 rIdx = r0x104F 
                      00229         .line   80; "Timer_delay.c"     void TMR_Delay_100US(tWord delay)
0000   ???? ????      00230         BANKSEL r0x1001
0002   00??           00231         MOVWF   r0x1001
                      00232 ;; >>> /home/sdcc-builder/build/sdcc-build/orig/sdcc/src/pic14/gen.c:1423:get_returnvalue
                      00233 ;; ***  popRegFromIdx,1042  , rIdx=0x7f
0003   08??           00234         MOVF    STK00,W
                      00235 ;; >>> /home/sdcc-builder/build/sdcc-build/orig/sdcc/src/pic14/gen.c:1393:movwf
                      00236 ;;      1109 rIdx = r0x104E 
0004   00??           00237         MOVWF   r0x1002
                      00238 ;;; /home/sdcc-builder/build/sdcc-build/orig/sdcc/src/pic14/gen.c:2316:resultRemat *{*
                      00239 ;;; /home/sdcc-builder/build/sdcc-build/orig/sdcc/src/pic14/gen.c:6927:genAssign *{*
                      00240 ;; ***  genAssign  6928
                      00241 ;; ***  aopForSym 315
                      00242 ;;      327 sym->rname = _TMR2, size = 1
                      00243 ;;      line = 6937 result AOP_DIR=_TMR2, size=1, left -=-, size=0, right AOP_LIT=0xfb, size=1
                      00244 ;; ***  genAssign  7023
                      00245 ;; >>> /home/sdcc-builder/build/sdcc-build/orig/sdcc/src/pic14/gen.c:7030:genAssign
                      00246         .line   85; "Timer_delay.c"     TMR_DELAY_REG_VAL(251);
0005   30FB           00247         MOVLW   0xfb
                      00248 ;; >>> /home/sdcc-builder/build/sdcc-build/orig/sdcc/src/pic14/gen.c:7032:genAssign
                      00249 ;;      1009
                      00250 ;;      1028  _TMR2   offset=0
0006   ???? ????      00251         BANKSEL _TMR2
0008   00??           00252         MOVWF   _TMR2
                      00253 ;;; /home/sdcc-builder/build/sdcc-build/orig/sdcc/src/pic14/gen.c:2316:resultRemat *{*
                      00254 ;;; /home/sdcc-builder/build/sdcc-build/orig/sdcc/src/pic14/gen.c:6927:genAssign *{*
                      00255 ;; ***  genAssign  6928
gpasm-1.4.0 #1106 (Oct  6 2014) obj\Debug\Tim   7-4-2020  14:18:05          PAGE  6


LOC    OBJECT CODE    LINE  SOURCE TEXT
  VALUE

                      00256 ;;      694 register type nRegs=1
                      00257 ;;      line = 6937 result AOP_REG=r0x1050, size=1, left -=-, size=0, right AOP_LIT=0x00, size=1
                      00258 ;; ***  genAssign  7023
                      00259 ;; >>> /home/sdcc-builder/build/sdcc-build/orig/sdcc/src/pic14/gen.c:7035:genAssign
                      00260 ;;      1109 rIdx = r0x1050 
                      00261         .line   86; "Timer_delay.c"     for(count=0;count<delay;count++)
0009   ???? ????      00262         BANKSEL r0x1003
000B   01??           00263         CLRF    r0x1003
                      00264 ;;; /home/sdcc-builder/build/sdcc-build/orig/sdcc/src/pic14/gen.c:2316:resultRemat *{*
                      00265 ;;; /home/sdcc-builder/build/sdcc-build/orig/sdcc/src/pic14/gen.c:2760:genLabel *{*
                      00266 ;; ***  genLabel  2763
                      00267 ;;; /home/sdcc-builder/build/sdcc-build/orig/sdcc/src/pic14/gen.c:2316:resultRemat *{*
                      00268 ;;; /home/sdcc-builder/build/sdcc-build/orig/sdcc/src/pic14/gen.c:7120:genCast *{*
                      00269 ;; ***  genCast  7121
                      00270 ;;      694 register type nRegs=1
                      00271 ;;      694 register type nRegs=2
                      00272 ;;      line = 7129 result AOP_REG=r0x1051, size=2, left -=-, size=0, right AOP_REG=r0x1050, size=1
                      00273 ;; >>> /home/sdcc-builder/build/sdcc-build/orig/sdcc/src/pic14/gen.c:7298:genCast
                      00274 ;;      1109 rIdx = r0x1050 
000C                  00275 _00153_DS_
000C   ???? ????      00276         BANKSEL r0x1003
000E   08??           00277         MOVF    r0x1003,W
                      00278 ;; >>> /home/sdcc-builder/build/sdcc-build/orig/sdcc/src/pic14/gen.c:7299:genCast
                      00279 ;;      1109 rIdx = r0x1051 
000F   00??           00280         MOVWF   r0x1004
                      00281 ;; ***  addSign  861
                      00282 ;;; /home/sdcc-builder/build/sdcc-build/orig/sdcc/src/pic14/genarith.c:862:addSign *{*
                      00283 ;; >>> /home/sdcc-builder/build/sdcc-build/orig/sdcc/src/pic14/genarith.c:881:addSign
                      00284 ;;      1109 rIdx = r0x1052 
0010   01??           00285         CLRF    r0x1005
                      00286 ;;; /home/sdcc-builder/build/sdcc-build/orig/sdcc/src/pic14/gen.c:2316:resultRemat *{*
                      00287 ;;; /home/sdcc-builder/build/sdcc-build/orig/sdcc/src/pic14/gen.c:3583:genCmpLt *{*
                      00288 ;; ***  genCmpLt  3584
                      00289 ;;      694 register type nRegs=2
                      00290 ;;      694 register type nRegs=2
                      00291 ;;; /home/sdcc-builder/build/sdcc-build/orig/sdcc/src/pic14/gen.c:3294:genCmp *{*
                      00292 ;; >>> /home/sdcc-builder/build/sdcc-build/orig/sdcc/src/pic14/gen.c:3269:pic14_mov2w_regOrLit
                      00293 ;;      1109 rIdx = r0x104F 
0011   08??           00294         MOVF    r0x1001,W
                      00295 ;; >>> /home/sdcc-builder/build/sdcc-build/orig/sdcc/src/pic14/gen.c:3432:genCmp
                      00296 ;;      1109 rIdx = r0x1052 
0012   02??           00297         SUBWF   r0x1005,W
                      00298 ;; >>> /home/sdcc-builder/build/sdcc-build/orig/sdcc/src/pic14/gen.c:3477:genCmp
0013   1D03           00299         BTFSS   STATUS,2
                      00300 ;; >>> /home/sdcc-builder/build/sdcc-build/orig/sdcc/src/pic14/gen.c:3478:genCmp
                      00301 ;; ***  popGetLabel  key=23, label offset 47
0014   2???           00302         GOTO    _00170_DS_
                      00303 ;; >>> /home/sdcc-builder/build/sdcc-build/orig/sdcc/src/pic14/gen.c:3269:pic14_mov2w_regOrLit
                      00304 ;;      1109 rIdx = r0x104E 
0015   08??           00305         MOVF    r0x1002,W
                      00306 ;; >>> /home/sdcc-builder/build/sdcc-build/orig/sdcc/src/pic14/gen.c:3480:genCmp
                      00307 ;;      1109 rIdx = r0x1051 
0016   02??           00308         SUBWF   r0x1004,W
gpasm-1.4.0 #1106 (Oct  6 2014) obj\Debug\Tim   7-4-2020  14:18:05          PAGE  7


LOC    OBJECT CODE    LINE  SOURCE TEXT
  VALUE

                      00309 ;;; /home/sdcc-builder/build/sdcc-build/orig/sdcc/src/pic14/gen.c:3237:genSkipc *{*
                      00310 ;; >>> /home/sdcc-builder/build/sdcc-build/orig/sdcc/src/pic14/gen.c:3242:genSkipc
0017                  00311 _00170_DS_
0017   1803           00312         BTFSC   STATUS,0
                      00313 ;; >>> /home/sdcc-builder/build/sdcc-build/orig/sdcc/src/pic14/gen.c:3246:genSkipc
                      00314 ;; ***  popGetLabel  key=8, label offset 47
0018   2???           00315         GOTO    _00155_DS_
                      00316 ;;genSkipc:3247: created from rifx:027A5DF4
                      00317 ;;; /home/sdcc-builder/build/sdcc-build/orig/sdcc/src/pic14/gen.c:2316:resultRemat *{*
                      00318 ;;; /home/sdcc-builder/build/sdcc-build/orig/sdcc/src/pic14/gen.c:2316:resultRemat *{*
                      00319 ;;; /home/sdcc-builder/build/sdcc-build/orig/sdcc/src/pic14/gen.c:2086:genCall *{*
                      00320 ;; ***  genCall  2088
                      00321 ;;; /home/sdcc-builder/build/sdcc-build/orig/sdcc/src/pic14/gen.c:1801:saveRegisters *{*
                      00322 ;; ***  saveRegisters  1803
                      00323 ;; >>> /home/sdcc-builder/build/sdcc-build/orig/sdcc/src/pic14/gen.c:2175:genCall
                      00324         .line   88; "Timer_delay.c"     Delay_Start();
0019   2???           00325         CALL    _Delay_Start
                      00326 ;;; /home/sdcc-builder/build/sdcc-build/orig/sdcc/src/pic14/gen.c:1845:unsaveRegisters *{*
                      00327 ;; ***  unsaveRegisters  1847
                      00328 ;;; /home/sdcc-builder/build/sdcc-build/orig/sdcc/src/pic14/gen.c:2316:resultRemat *{*
                      00329 ;;; /home/sdcc-builder/build/sdcc-build/orig/sdcc/src/pic14/gen.c:2760:genLabel *{*
                      00330 ;; ***  genLabel  2763
                      00331 ;;; /home/sdcc-builder/build/sdcc-build/orig/sdcc/src/pic14/gen.c:2316:resultRemat *{*
                      00332 ;;; /home/sdcc-builder/build/sdcc-build/orig/sdcc/src/pic14/gen.c:2086:genCall *{*
                      00333 ;; ***  genCall  2088
                      00334 ;;; /home/sdcc-builder/build/sdcc-build/orig/sdcc/src/pic14/gen.c:1801:saveRegisters *{*
                      00335 ;; ***  saveRegisters  1803
                      00336 ;; >>> /home/sdcc-builder/build/sdcc-build/orig/sdcc/src/pic14/gen.c:2175:genCall
001A                  00337 _00148_DS_
                      00338         .line   90; "Timer_delay.c"     while(TMR_Delay_CheckOverFlow()==0);
001A   2???           00339         CALL    _TMR_Delay_CheckOverFlow
                      00340 ;;      694 register type nRegs=1
                      00341 ;;; /home/sdcc-builder/build/sdcc-build/orig/sdcc/src/pic14/gen.c:1907:assignResultValue *{*
                      00342 ;; ***  assignResultValue  1909
                      00343 ;;      line = 1911 result -=-, size=0, left AOP_REG=r0x1051, size=1, right -=-, size=0
                      00344 ;; >>> /home/sdcc-builder/build/sdcc-build/orig/sdcc/src/pic14/gen.c:1393:movwf
                      00345 ;;      1109 rIdx = r0x1051 
001B   ???? ????      00346         BANKSEL r0x1004
001D   00??           00347         MOVWF   r0x1004
                      00348 ;;      2195 left AOP_REG
                      00349 ;;; /home/sdcc-builder/build/sdcc-build/orig/sdcc/src/pic14/gen.c:1845:unsaveRegisters *{*
                      00350 ;; ***  unsaveRegisters  1847
                      00351 ;;; /home/sdcc-builder/build/sdcc-build/orig/sdcc/src/pic14/gen.c:2316:resultRemat *{*
                      00352 ;;; /home/sdcc-builder/build/sdcc-build/orig/sdcc/src/pic14/gen.c:6759:genIfx *{*
                      00353 ;; ***  genIfx  6760
                      00354 ;;      694 register type nRegs=1
                      00355 ;; ***  pic14_toBoolean  1515
                      00356 ;; >>> /home/sdcc-builder/build/sdcc-build/orig/sdcc/src/pic14/gen.c:1522:pic14_toBoolean
001E   08??           00357         MOVF    r0x1004,W
001F   1903           00358         BTFSC   STATUS,2
                      00359 ;; >>> /home/sdcc-builder/build/sdcc-build/orig/sdcc/src/pic14/gen.c:6814:genIfx
                      00360 ;; ***  popGetLabel  key=1, label offset 47
0020   2???           00361         GOTO    _00148_DS_
gpasm-1.4.0 #1106 (Oct  6 2014) obj\Debug\Tim   7-4-2020  14:18:05          PAGE  8


LOC    OBJECT CODE    LINE  SOURCE TEXT
  VALUE

                      00362 ;;; /home/sdcc-builder/build/sdcc-build/orig/sdcc/src/pic14/gen.c:2316:resultRemat *{*
                      00363 ;;; /home/sdcc-builder/build/sdcc-build/orig/sdcc/src/pic14/gen.c:2086:genCall *{*
                      00364 ;; ***  genCall  2088
                      00365 ;;; /home/sdcc-builder/build/sdcc-build/orig/sdcc/src/pic14/gen.c:1801:saveRegisters *{*
                      00366 ;; ***  saveRegisters  1803
                      00367 ;; >>> /home/sdcc-builder/build/sdcc-build/orig/sdcc/src/pic14/gen.c:2175:genCall
                      00368         .line   91; "Timer_delay.c"     Delay_Stop();
0021   2???           00369         CALL    _Delay_Stop
                      00370 ;;; /home/sdcc-builder/build/sdcc-build/orig/sdcc/src/pic14/gen.c:1845:unsaveRegisters *{*
                      00371 ;; ***  unsaveRegisters  1847
                      00372 ;;; /home/sdcc-builder/build/sdcc-build/orig/sdcc/src/pic14/gen.c:2316:resultRemat *{*
                      00373 ;;; /home/sdcc-builder/build/sdcc-build/orig/sdcc/src/pic14/gen.c:6927:genAssign *{*
                      00374 ;; ***  genAssign  6928
                      00375 ;; ***  aopForSym 315
                      00376 ;;      327 sym->rname = _TMR2, size = 1
                      00377 ;;      line = 6937 result AOP_DIR=_TMR2, size=1, left -=-, size=0, right AOP_LIT=0xfc, size=1
                      00378 ;; ***  genAssign  7023
                      00379 ;; >>> /home/sdcc-builder/build/sdcc-build/orig/sdcc/src/pic14/gen.c:7030:genAssign
                      00380         .line   93; "Timer_delay.c"     TMR_DELAY_UPDATE_REG_VAL(252);
0022   30FC           00381         MOVLW   0xfc
                      00382 ;; >>> /home/sdcc-builder/build/sdcc-build/orig/sdcc/src/pic14/gen.c:7032:genAssign
                      00383 ;;      1009
                      00384 ;;      1028  _TMR2   offset=0
0023   ???? ????      00385         BANKSEL _TMR2
0025   00??           00386         MOVWF   _TMR2
                      00387 ;;; /home/sdcc-builder/build/sdcc-build/orig/sdcc/src/pic14/gen.c:2316:resultRemat *{*
                      00388 ;; ***  genPlus  611
                      00389 ;;; /home/sdcc-builder/build/sdcc-build/orig/sdcc/src/pic14/genarith.c:612:genPlus *{*
                      00390 ;;      694 register type nRegs=1
                      00391 ;;      575
                      00392 ;;      line = 618 result AOP_REG=r0x1050, size=1, left AOP_REG=r0x1050, size=1, right AOP_LIT=0x01, siz
                            e=1
                      00393 ;;; /home/sdcc-builder/build/sdcc-build/orig/sdcc/src/pic14/genarith.c:142:genPlusIncr *{*
                      00394 ;; ***  genPlusIncr  144
                      00395 ;;      result AOP_REG, left AOP_REG, right AOP_LIT
                      00396 ;;      genPlusIncr  156
                      00397 ;; >>> /home/sdcc-builder/build/sdcc-build/orig/sdcc/src/pic14/genarith.c:168:genPlusIncr
                      00398 ;;      1109 rIdx = r0x1050 
                      00399         .line   86; "Timer_delay.c"     for(count=0;count<delay;count++)
0026   ???? ????      00400         BANKSEL r0x1003
0028   0A??           00401         INCF    r0x1003,F
                      00402 ;;; /home/sdcc-builder/build/sdcc-build/orig/sdcc/src/pic14/gen.c:2316:resultRemat *{*
                      00403 ;;; /home/sdcc-builder/build/sdcc-build/orig/sdcc/src/pic14/gen.c:2778:genGoto *{*
                      00404 ;; >>> /home/sdcc-builder/build/sdcc-build/orig/sdcc/src/pic14/gen.c:2780:genGoto
                      00405 ;; ***  popGetLabel  key=6, label offset 47
0029   2???           00406         GOTO    _00153_DS_
                      00407 ;;; /home/sdcc-builder/build/sdcc-build/orig/sdcc/src/pic14/gen.c:2316:resultRemat *{*
                      00408 ;;; /home/sdcc-builder/build/sdcc-build/orig/sdcc/src/pic14/gen.c:2760:genLabel *{*
                      00409 ;; ***  genLabel  2763
                      00410 ;;; /home/sdcc-builder/build/sdcc-build/orig/sdcc/src/pic14/gen.c:2316:resultRemat *{*
                      00411 ;;; /home/sdcc-builder/build/sdcc-build/orig/sdcc/src/pic14/gen.c:2528:genEndFunction *{*
                      00412 ;; ***  genEndFunction  2530
002A                  00413 _00155_DS_
gpasm-1.4.0 #1106 (Oct  6 2014) obj\Debug\Tim   7-4-2020  14:18:05          PAGE  9


LOC    OBJECT CODE    LINE  SOURCE TEXT
  VALUE

002A   0008           00414         RETURN  
                      00415 ; exit point of _TMR_Delay_100US
                      00416 
                      00417 ;***
                      00418 ;  pBlock Stats: dbName = C
                      00419 ;***
                      00420 ;entry:  _TMR_Delay_MS  ;Function start
                      00421 ; 2 exit points
                      00422 ;has an exit
                      00423 ;functions called:
                      00424 ;   _Delay_Start
                      00425 ;   _TMR_Delay_CheckOverFlow
                      00426 ;   _Delay_Stop
                      00427 ;   _Delay_Start
                      00428 ;   _TMR_Delay_CheckOverFlow
                      00429 ;   _Delay_Stop
                      00430 ;6 compiler assigned registers:
                      00431 ;   r0x1006
                      00432 ;   STK00
                      00433 ;   r0x1007
                      00434 ;   r0x1008
                      00435 ;   r0x1009
                      00436 ;   r0x100A
                      00437 ;; Starting pCode block
                      00438 ;;; /home/sdcc-builder/build/sdcc-build/orig/sdcc/src/pic14/gen.c:2316:resultRemat *{*
                      00439 ;;; /home/sdcc-builder/build/sdcc-build/orig/sdcc/src/pic14/gen.c:2760:genLabel *{*
                      00440 ;; ***  genLabel  2763
                      00441 ;;; /home/sdcc-builder/build/sdcc-build/orig/sdcc/src/pic14/gen.c:2316:resultRemat *{*
                      00442 ;;; /home/sdcc-builder/build/sdcc-build/orig/sdcc/src/pic14/gen.c:2340:genFunction *{*
                      00443 ;; ***  genFunction  2342 curr label offset=16previous max_key=0 
002B                  00444 _TMR_Delay_MS   ;Function start
                      00445 ; 2 exit points
                      00446 ;;; /home/sdcc-builder/build/sdcc-build/orig/sdcc/src/pic14/gen.c:2316:resultRemat *{*
                      00447 ;;; /home/sdcc-builder/build/sdcc-build/orig/sdcc/src/pic14/gen.c:7358:genReceive *{*
                      00448 ;; ***  genReceive  7359
                      00449 ;;      694 register type nRegs=2
                      00450 ;;; /home/sdcc-builder/build/sdcc-build/orig/sdcc/src/pic14/gen.c:1907:assignResultValue *{*
                      00451 ;; ***  assignResultValue  1909
                      00452 ;;      line = 1911 result -=-, size=0, left AOP_REG=r0x1049, size=2, right -=-, size=0
                      00453 ;; >>> /home/sdcc-builder/build/sdcc-build/orig/sdcc/src/pic14/gen.c:1393:movwf
                      00454 ;;      1109 rIdx = r0x104A 
                      00455         .line   57; "Timer_delay.c"     void TMR_Delay_MS(tWord delay)
002B   ???? ????      00456         BANKSEL r0x1006
002D   00??           00457         MOVWF   r0x1006
                      00458 ;; >>> /home/sdcc-builder/build/sdcc-build/orig/sdcc/src/pic14/gen.c:1423:get_returnvalue
                      00459 ;; ***  popRegFromIdx,1042  , rIdx=0x7f
002E   08??           00460         MOVF    STK00,W
                      00461 ;; >>> /home/sdcc-builder/build/sdcc-build/orig/sdcc/src/pic14/gen.c:1393:movwf
                      00462 ;;      1109 rIdx = r0x1049 
002F   00??           00463         MOVWF   r0x1007
                      00464 ;;; /home/sdcc-builder/build/sdcc-build/orig/sdcc/src/pic14/gen.c:2316:resultRemat *{*
                      00465 ;;; /home/sdcc-builder/build/sdcc-build/orig/sdcc/src/pic14/gen.c:6927:genAssign *{*
                      00466 ;; ***  genAssign  6928
gpasm-1.4.0 #1106 (Oct  6 2014) obj\Debug\Tim   7-4-2020  14:18:05          PAGE 10


LOC    OBJECT CODE    LINE  SOURCE TEXT
  VALUE

                      00467 ;; ***  aopForSym 315
                      00468 ;;      327 sym->rname = _TMR2, size = 1
                      00469 ;;      line = 6937 result AOP_DIR=_TMR2, size=1, left -=-, size=0, right AOP_LIT=0x83, size=1
                      00470 ;; ***  genAssign  7023
                      00471 ;; >>> /home/sdcc-builder/build/sdcc-build/orig/sdcc/src/pic14/gen.c:7030:genAssign
                      00472         .line   62; "Timer_delay.c"     TMR_DELAY_REG_VAL(131);
0030   3083           00473         MOVLW   0x83
                      00474 ;; >>> /home/sdcc-builder/build/sdcc-build/orig/sdcc/src/pic14/gen.c:7032:genAssign
                      00475 ;;      1009
                      00476 ;;      1028  _TMR2   offset=0
0031   ???? ????      00477         BANKSEL _TMR2
0033   00??           00478         MOVWF   _TMR2
                      00479 ;;; /home/sdcc-builder/build/sdcc-build/orig/sdcc/src/pic14/gen.c:2316:resultRemat *{*
                      00480 ;;; /home/sdcc-builder/build/sdcc-build/orig/sdcc/src/pic14/gen.c:6927:genAssign *{*
                      00481 ;; ***  genAssign  6928
                      00482 ;;      694 register type nRegs=1
                      00483 ;;      line = 6937 result AOP_REG=r0x104B, size=1, left -=-, size=0, right AOP_LIT=0x00, size=1
                      00484 ;; ***  genAssign  7023
                      00485 ;; >>> /home/sdcc-builder/build/sdcc-build/orig/sdcc/src/pic14/gen.c:7035:genAssign
                      00486 ;;      1109 rIdx = r0x104B 
                      00487         .line   63; "Timer_delay.c"     for(count=0;count<delay;count++)
0034   ???? ????      00488         BANKSEL r0x1008
0036   01??           00489         CLRF    r0x1008
                      00490 ;;; /home/sdcc-builder/build/sdcc-build/orig/sdcc/src/pic14/gen.c:2316:resultRemat *{*
                      00491 ;;; /home/sdcc-builder/build/sdcc-build/orig/sdcc/src/pic14/gen.c:2760:genLabel *{*
                      00492 ;; ***  genLabel  2763
                      00493 ;;; /home/sdcc-builder/build/sdcc-build/orig/sdcc/src/pic14/gen.c:2316:resultRemat *{*
                      00494 ;;; /home/sdcc-builder/build/sdcc-build/orig/sdcc/src/pic14/gen.c:7120:genCast *{*
                      00495 ;; ***  genCast  7121
                      00496 ;;      694 register type nRegs=1
                      00497 ;;      694 register type nRegs=2
                      00498 ;;      line = 7129 result AOP_REG=r0x104C, size=2, left -=-, size=0, right AOP_REG=r0x104B, size=1
                      00499 ;; >>> /home/sdcc-builder/build/sdcc-build/orig/sdcc/src/pic14/gen.c:7298:genCast
                      00500 ;;      1109 rIdx = r0x104B 
0037                  00501 _00126_DS_
0037   ???? ????      00502         BANKSEL r0x1008
0039   08??           00503         MOVF    r0x1008,W
                      00504 ;; >>> /home/sdcc-builder/build/sdcc-build/orig/sdcc/src/pic14/gen.c:7299:genCast
                      00505 ;;      1109 rIdx = r0x104C 
003A   00??           00506         MOVWF   r0x1009
                      00507 ;; ***  addSign  861
                      00508 ;;; /home/sdcc-builder/build/sdcc-build/orig/sdcc/src/pic14/genarith.c:862:addSign *{*
                      00509 ;; >>> /home/sdcc-builder/build/sdcc-build/orig/sdcc/src/pic14/genarith.c:881:addSign
                      00510 ;;      1109 rIdx = r0x104D 
003B   01??           00511         CLRF    r0x100A
                      00512 ;;; /home/sdcc-builder/build/sdcc-build/orig/sdcc/src/pic14/gen.c:2316:resultRemat *{*
                      00513 ;;; /home/sdcc-builder/build/sdcc-build/orig/sdcc/src/pic14/gen.c:3583:genCmpLt *{*
                      00514 ;; ***  genCmpLt  3584
                      00515 ;;      694 register type nRegs=2
                      00516 ;;      694 register type nRegs=2
                      00517 ;;; /home/sdcc-builder/build/sdcc-build/orig/sdcc/src/pic14/gen.c:3294:genCmp *{*
                      00518 ;; >>> /home/sdcc-builder/build/sdcc-build/orig/sdcc/src/pic14/gen.c:3269:pic14_mov2w_regOrLit
                      00519 ;;      1109 rIdx = r0x104A 
gpasm-1.4.0 #1106 (Oct  6 2014) obj\Debug\Tim   7-4-2020  14:18:05          PAGE 11


LOC    OBJECT CODE    LINE  SOURCE TEXT
  VALUE

003C   08??           00520         MOVF    r0x1006,W
                      00521 ;; >>> /home/sdcc-builder/build/sdcc-build/orig/sdcc/src/pic14/gen.c:3432:genCmp
                      00522 ;;      1109 rIdx = r0x104D 
003D   02??           00523         SUBWF   r0x100A,W
                      00524 ;; >>> /home/sdcc-builder/build/sdcc-build/orig/sdcc/src/pic14/gen.c:3477:genCmp
003E   1D03           00525         BTFSS   STATUS,2
                      00526 ;; >>> /home/sdcc-builder/build/sdcc-build/orig/sdcc/src/pic14/gen.c:3478:genCmp
                      00527 ;; ***  popGetLabel  key=23, label offset 20
003F   2???           00528         GOTO    _00143_DS_
                      00529 ;; >>> /home/sdcc-builder/build/sdcc-build/orig/sdcc/src/pic14/gen.c:3269:pic14_mov2w_regOrLit
                      00530 ;;      1109 rIdx = r0x1049 
0040   08??           00531         MOVF    r0x1007,W
                      00532 ;; >>> /home/sdcc-builder/build/sdcc-build/orig/sdcc/src/pic14/gen.c:3480:genCmp
                      00533 ;;      1109 rIdx = r0x104C 
0041   02??           00534         SUBWF   r0x1009,W
                      00535 ;;; /home/sdcc-builder/build/sdcc-build/orig/sdcc/src/pic14/gen.c:3237:genSkipc *{*
                      00536 ;; >>> /home/sdcc-builder/build/sdcc-build/orig/sdcc/src/pic14/gen.c:3242:genSkipc
0042                  00537 _00143_DS_
0042   1803           00538         BTFSC   STATUS,0
                      00539 ;; >>> /home/sdcc-builder/build/sdcc-build/orig/sdcc/src/pic14/gen.c:3246:genSkipc
                      00540 ;; ***  popGetLabel  key=8, label offset 20
0043   2???           00541         GOTO    _00128_DS_
                      00542 ;;genSkipc:3247: created from rifx:027A5DF4
                      00543 ;;; /home/sdcc-builder/build/sdcc-build/orig/sdcc/src/pic14/gen.c:2316:resultRemat *{*
                      00544 ;;; /home/sdcc-builder/build/sdcc-build/orig/sdcc/src/pic14/gen.c:2316:resultRemat *{*
                      00545 ;;; /home/sdcc-builder/build/sdcc-build/orig/sdcc/src/pic14/gen.c:2086:genCall *{*
                      00546 ;; ***  genCall  2088
                      00547 ;;; /home/sdcc-builder/build/sdcc-build/orig/sdcc/src/pic14/gen.c:1801:saveRegisters *{*
                      00548 ;; ***  saveRegisters  1803
                      00549 ;; >>> /home/sdcc-builder/build/sdcc-build/orig/sdcc/src/pic14/gen.c:2175:genCall
                      00550         .line   65; "Timer_delay.c"     Delay_Start();
0044   2???           00551         CALL    _Delay_Start
                      00552 ;;; /home/sdcc-builder/build/sdcc-build/orig/sdcc/src/pic14/gen.c:1845:unsaveRegisters *{*
                      00553 ;; ***  unsaveRegisters  1847
                      00554 ;;; /home/sdcc-builder/build/sdcc-build/orig/sdcc/src/pic14/gen.c:2316:resultRemat *{*
                      00555 ;;; /home/sdcc-builder/build/sdcc-build/orig/sdcc/src/pic14/gen.c:2760:genLabel *{*
                      00556 ;; ***  genLabel  2763
                      00557 ;;; /home/sdcc-builder/build/sdcc-build/orig/sdcc/src/pic14/gen.c:2316:resultRemat *{*
                      00558 ;;; /home/sdcc-builder/build/sdcc-build/orig/sdcc/src/pic14/gen.c:2086:genCall *{*
                      00559 ;; ***  genCall  2088
                      00560 ;;; /home/sdcc-builder/build/sdcc-build/orig/sdcc/src/pic14/gen.c:1801:saveRegisters *{*
                      00561 ;; ***  saveRegisters  1803
                      00562 ;; >>> /home/sdcc-builder/build/sdcc-build/orig/sdcc/src/pic14/gen.c:2175:genCall
0045                  00563 _00121_DS_
                      00564         .line   67; "Timer_delay.c"     while(TMR_Delay_CheckOverFlow()==0);
0045   2???           00565         CALL    _TMR_Delay_CheckOverFlow
                      00566 ;;      694 register type nRegs=1
                      00567 ;;; /home/sdcc-builder/build/sdcc-build/orig/sdcc/src/pic14/gen.c:1907:assignResultValue *{*
                      00568 ;; ***  assignResultValue  1909
                      00569 ;;      line = 1911 result -=-, size=0, left AOP_REG=r0x104C, size=1, right -=-, size=0
                      00570 ;; >>> /home/sdcc-builder/build/sdcc-build/orig/sdcc/src/pic14/gen.c:1393:movwf
                      00571 ;;      1109 rIdx = r0x104C 
0046   ???? ????      00572         BANKSEL r0x1009
gpasm-1.4.0 #1106 (Oct  6 2014) obj\Debug\Tim   7-4-2020  14:18:05          PAGE 12


LOC    OBJECT CODE    LINE  SOURCE TEXT
  VALUE

0048   00??           00573         MOVWF   r0x1009
                      00574 ;;      2195 left AOP_REG
                      00575 ;;; /home/sdcc-builder/build/sdcc-build/orig/sdcc/src/pic14/gen.c:1845:unsaveRegisters *{*
                      00576 ;; ***  unsaveRegisters  1847
                      00577 ;;; /home/sdcc-builder/build/sdcc-build/orig/sdcc/src/pic14/gen.c:2316:resultRemat *{*
                      00578 ;;; /home/sdcc-builder/build/sdcc-build/orig/sdcc/src/pic14/gen.c:6759:genIfx *{*
                      00579 ;; ***  genIfx  6760
                      00580 ;;      694 register type nRegs=1
                      00581 ;; ***  pic14_toBoolean  1515
                      00582 ;; >>> /home/sdcc-builder/build/sdcc-build/orig/sdcc/src/pic14/gen.c:1522:pic14_toBoolean
0049   08??           00583         MOVF    r0x1009,W
004A   1903           00584         BTFSC   STATUS,2
                      00585 ;; >>> /home/sdcc-builder/build/sdcc-build/orig/sdcc/src/pic14/gen.c:6814:genIfx
                      00586 ;; ***  popGetLabel  key=1, label offset 20
004B   2???           00587         GOTO    _00121_DS_
                      00588 ;;; /home/sdcc-builder/build/sdcc-build/orig/sdcc/src/pic14/gen.c:2316:resultRemat *{*
                      00589 ;;; /home/sdcc-builder/build/sdcc-build/orig/sdcc/src/pic14/gen.c:2086:genCall *{*
                      00590 ;; ***  genCall  2088
                      00591 ;;; /home/sdcc-builder/build/sdcc-build/orig/sdcc/src/pic14/gen.c:1801:saveRegisters *{*
                      00592 ;; ***  saveRegisters  1803
                      00593 ;; >>> /home/sdcc-builder/build/sdcc-build/orig/sdcc/src/pic14/gen.c:2175:genCall
                      00594         .line   68; "Timer_delay.c"     Delay_Stop();
004C   2???           00595         CALL    _Delay_Stop
                      00596 ;;; /home/sdcc-builder/build/sdcc-build/orig/sdcc/src/pic14/gen.c:1845:unsaveRegisters *{*
                      00597 ;; ***  unsaveRegisters  1847
                      00598 ;;; /home/sdcc-builder/build/sdcc-build/orig/sdcc/src/pic14/gen.c:2316:resultRemat *{*
                      00599 ;;; /home/sdcc-builder/build/sdcc-build/orig/sdcc/src/pic14/gen.c:6927:genAssign *{*
                      00600 ;; ***  genAssign  6928
                      00601 ;; ***  aopForSym 315
                      00602 ;;      327 sym->rname = _TMR2, size = 1
                      00603 ;;      line = 6937 result AOP_DIR=_TMR2, size=1, left -=-, size=0, right AOP_LIT=0x84, size=1
                      00604 ;; ***  genAssign  7023
                      00605 ;; >>> /home/sdcc-builder/build/sdcc-build/orig/sdcc/src/pic14/gen.c:7030:genAssign
                      00606         .line   70; "Timer_delay.c"     TMR_DELAY_UPDATE_REG_VAL(132);
004D   3084           00607         MOVLW   0x84
                      00608 ;; >>> /home/sdcc-builder/build/sdcc-build/orig/sdcc/src/pic14/gen.c:7032:genAssign
                      00609 ;;      1009
                      00610 ;;      1028  _TMR2   offset=0
004E   ???? ????      00611         BANKSEL _TMR2
0050   00??           00612         MOVWF   _TMR2
                      00613 ;;; /home/sdcc-builder/build/sdcc-build/orig/sdcc/src/pic14/gen.c:2316:resultRemat *{*
                      00614 ;; ***  genPlus  611
                      00615 ;;; /home/sdcc-builder/build/sdcc-build/orig/sdcc/src/pic14/genarith.c:612:genPlus *{*
                      00616 ;;      694 register type nRegs=1
                      00617 ;;      575
                      00618 ;;      line = 618 result AOP_REG=r0x104B, size=1, left AOP_REG=r0x104B, size=1, right AOP_LIT=0x01, siz
                            e=1
                      00619 ;;; /home/sdcc-builder/build/sdcc-build/orig/sdcc/src/pic14/genarith.c:142:genPlusIncr *{*
                      00620 ;; ***  genPlusIncr  144
                      00621 ;;      result AOP_REG, left AOP_REG, right AOP_LIT
                      00622 ;;      genPlusIncr  156
                      00623 ;; >>> /home/sdcc-builder/build/sdcc-build/orig/sdcc/src/pic14/genarith.c:168:genPlusIncr
                      00624 ;;      1109 rIdx = r0x104B 
gpasm-1.4.0 #1106 (Oct  6 2014) obj\Debug\Tim   7-4-2020  14:18:05          PAGE 13


LOC    OBJECT CODE    LINE  SOURCE TEXT
  VALUE

                      00625         .line   63; "Timer_delay.c"     for(count=0;count<delay;count++)
0051   ???? ????      00626         BANKSEL r0x1008
0053   0A??           00627         INCF    r0x1008,F
                      00628 ;;; /home/sdcc-builder/build/sdcc-build/orig/sdcc/src/pic14/gen.c:2316:resultRemat *{*
                      00629 ;;; /home/sdcc-builder/build/sdcc-build/orig/sdcc/src/pic14/gen.c:2778:genGoto *{*
                      00630 ;; >>> /home/sdcc-builder/build/sdcc-build/orig/sdcc/src/pic14/gen.c:2780:genGoto
                      00631 ;; ***  popGetLabel  key=6, label offset 20
0054   2???           00632         GOTO    _00126_DS_
                      00633 ;;; /home/sdcc-builder/build/sdcc-build/orig/sdcc/src/pic14/gen.c:2316:resultRemat *{*
                      00634 ;;; /home/sdcc-builder/build/sdcc-build/orig/sdcc/src/pic14/gen.c:2760:genLabel *{*
                      00635 ;; ***  genLabel  2763
                      00636 ;;; /home/sdcc-builder/build/sdcc-build/orig/sdcc/src/pic14/gen.c:2316:resultRemat *{*
                      00637 ;;; /home/sdcc-builder/build/sdcc-build/orig/sdcc/src/pic14/gen.c:2528:genEndFunction *{*
                      00638 ;; ***  genEndFunction  2530
0055                  00639 _00128_DS_
0055   0008           00640         RETURN  
                      00641 ; exit point of _TMR_Delay_MS
                      00642 ;;; /home/sdcc-builder/build/sdcc-build/orig/sdcc/src/pic14/gen.c:7426:genpic14Code *{*
                      00643 
                      00644 ;***
                      00645 ;  pBlock Stats: dbName = C
                      00646 ;***
                      00647 ;entry:  _Delay_Stop    ;Function start
                      00648 ; 2 exit points
                      00649 ;has an exit
                      00650 ;; Starting pCode block
                      00651 ;;; /home/sdcc-builder/build/sdcc-build/orig/sdcc/src/pic14/gen.c:2316:resultRemat *{*
                      00652 ;;; /home/sdcc-builder/build/sdcc-build/orig/sdcc/src/pic14/gen.c:2760:genLabel *{*
                      00653 ;; ***  genLabel  2763
                      00654 ;;; /home/sdcc-builder/build/sdcc-build/orig/sdcc/src/pic14/gen.c:2316:resultRemat *{*
                      00655 ;;; /home/sdcc-builder/build/sdcc-build/orig/sdcc/src/pic14/gen.c:2340:genFunction *{*
                      00656 ;; ***  genFunction  2342 curr label offset=12previous max_key=0 
0056                  00657 _Delay_Stop     ;Function start
                      00658 ; 2 exit points
                      00659 ;;; /home/sdcc-builder/build/sdcc-build/orig/sdcc/src/pic14/gen.c:2316:resultRemat *{*
                      00660 ;;; /home/sdcc-builder/build/sdcc-build/orig/sdcc/src/pic14/gen.c:2316:resultRemat *{*
                      00661 ;;; /home/sdcc-builder/build/sdcc-build/orig/sdcc/src/pic14/gen.c:6686:genPointerSet *{*
                      00662 ;; ***  genPointerSet  6687
                      00663 ;;; /home/sdcc-builder/build/sdcc-build/orig/sdcc/src/pic14/gen.c:6505:genNearPointerSet *{*
                      00664 ;; ***  genNearPointerSet  6506
                      00665 ;;      613
                      00666 ;;      aopForRemat 392
                      00667 ;;      418: rname _T2CONbits, val 0, const = 0
                      00668 ;; ***  genNearPointerSet  6521
                      00669 ;;      833: aopGet AOP_PCODE type PO_IMMEDIATE
                      00670 ;;      _T2CONbits
                      00671 ;;      line = 6523 result AOP_PCODE=_T2CONbits, size=2, left -=-, size=0, right AOP_LIT=0x00, size=1
                      00672 ;;; /home/sdcc-builder/build/sdcc-build/orig/sdcc/src/pic14/gen.c:6249:genPackBits *{*
                      00673 ;; ***  genPackBits  6250
                      00674 ;;      833: aopGet AOP_PCODE type PO_IMMEDIATE
                      00675 ;;      _T2CONbits
                      00676 ;; >>> /home/sdcc-builder/build/sdcc-build/orig/sdcc/src/pic14/gen.c:6275:genPackBits
                      00677         .line   48; "Timer_delay.c"     TMR_DELAY_DISABLE;
gpasm-1.4.0 #1106 (Oct  6 2014) obj\Debug\Tim   7-4-2020  14:18:05          PAGE 14


LOC    OBJECT CODE    LINE  SOURCE TEXT
  VALUE

0056   ???? ????      00678         BANKSEL _T2CONbits
0058   11??           00679         BCF     _T2CONbits,2
                      00680 ;;; /home/sdcc-builder/build/sdcc-build/orig/sdcc/src/pic14/gen.c:2316:resultRemat *{*
                      00681 ;;; /home/sdcc-builder/build/sdcc-build/orig/sdcc/src/pic14/gen.c:2760:genLabel *{*
                      00682 ;; ***  genLabel  2763
                      00683 ;;; /home/sdcc-builder/build/sdcc-build/orig/sdcc/src/pic14/gen.c:2316:resultRemat *{*
                      00684 ;;; /home/sdcc-builder/build/sdcc-build/orig/sdcc/src/pic14/gen.c:2528:genEndFunction *{*
                      00685 ;; ***  genEndFunction  2530
0059   0008           00686         RETURN  
                      00687 ; exit point of _Delay_Stop
                      00688 ;;; /home/sdcc-builder/build/sdcc-build/orig/sdcc/src/pic14/gen.c:7426:genpic14Code *{*
                      00689 
                      00690 ;***
                      00691 ;  pBlock Stats: dbName = C
                      00692 ;***
                      00693 ;entry:  _TMR_Delay_CheckOverFlow       ;Function start
                      00694 ; 2 exit points
                      00695 ;has an exit
                      00696 ;1 compiler assigned register :
                      00697 ;   r0x1000
                      00698 ;; Starting pCode block
                      00699 ;;; /home/sdcc-builder/build/sdcc-build/orig/sdcc/src/pic14/gen.c:2316:resultRemat *{*
                      00700 ;;; /home/sdcc-builder/build/sdcc-build/orig/sdcc/src/pic14/gen.c:2760:genLabel *{*
                      00701 ;; ***  genLabel  2763
                      00702 ;;; /home/sdcc-builder/build/sdcc-build/orig/sdcc/src/pic14/gen.c:2316:resultRemat *{*
                      00703 ;;; /home/sdcc-builder/build/sdcc-build/orig/sdcc/src/pic14/gen.c:2340:genFunction *{*
                      00704 ;; ***  genFunction  2342 curr label offset=8previous max_key=0 
005A                  00705 _TMR_Delay_CheckOverFlow        ;Function start
                      00706 ; 2 exit points
                      00707 ;;; /home/sdcc-builder/build/sdcc-build/orig/sdcc/src/pic14/gen.c:2316:resultRemat *{*
                      00708 ;;; /home/sdcc-builder/build/sdcc-build/orig/sdcc/src/pic14/gen.c:2316:resultRemat *{*
                      00709 ;;; /home/sdcc-builder/build/sdcc-build/orig/sdcc/src/pic14/gen.c:6162:genPointerGet *{*
                      00710 ;; ***  genPointerGet  6163
                      00711 ;;; /home/sdcc-builder/build/sdcc-build/orig/sdcc/src/pic14/gen.c:5944:genNearPointerGet *{*
                      00712 ;; ***  genNearPointerGet  5945
                      00713 ;;      613
                      00714 ;;      aopForRemat 392
                      00715 ;;      418: rname _PIR1bits, val 0, const = 0
                      00716 ;; ***  genNearPointerGet  5961
                      00717 ;;      694 register type nRegs=1
                      00718 ;;; /home/sdcc-builder/build/sdcc-build/orig/sdcc/src/pic14/gen.c:5760:genUnpackBits *{*
                      00719 ;; ***  genUnpackBits  5761
                      00720 ;; >>> /home/sdcc-builder/build/sdcc-build/orig/sdcc/src/pic14/gen.c:5799:genUnpackBits
                      00721 ;;      1109 rIdx = r0x1048 
                      00722         .line   38; "Timer_delay.c"     return TMR_DELAY_GET_FLAG;
005A   ???? ????      00723         BANKSEL r0x1000
005C   01??           00724         CLRF    r0x1000
                      00725 ;; >>> /home/sdcc-builder/build/sdcc-build/orig/sdcc/src/pic14/gen.c:5805:genUnpackBits
                      00726 ;;      833: aopGet AOP_PCODE type PO_IMMEDIATE
                      00727 ;;      _PIR1bits
005D   ???? ????      00728         BANKSEL _PIR1bits
005F   1C??           00729         BTFSS   _PIR1bits,1
0060   2???           00730         GOTO    _00001_DS_
gpasm-1.4.0 #1106 (Oct  6 2014) obj\Debug\Tim   7-4-2020  14:18:05          PAGE 15


LOC    OBJECT CODE    LINE  SOURCE TEXT
  VALUE

                      00731 ;; >>> /home/sdcc-builder/build/sdcc-build/orig/sdcc/src/pic14/gen.c:5835:genUnpackBits
                      00732 ;;      1109 rIdx = r0x1048 
0061   ???? ????      00733         BANKSEL r0x1000
0063   0A??           00734         INCF    r0x1000,F
                      00735 ;; ***  addSign  861
                      00736 ;;; /home/sdcc-builder/build/sdcc-build/orig/sdcc/src/pic14/genarith.c:862:addSign *{*
                      00737 ;;; /home/sdcc-builder/build/sdcc-build/orig/sdcc/src/pic14/gen.c:2316:resultRemat *{*
                      00738 ;;; /home/sdcc-builder/build/sdcc-build/orig/sdcc/src/pic14/gen.c:2683:genRet *{*
                      00739 ;; ***  genRet  2685
                      00740 ;;      694 register type nRegs=1
                      00741 ;;; /home/sdcc-builder/build/sdcc-build/orig/sdcc/src/pic14/gen.c:1343:mov2w_op *{*
                      00742 ;; ***  mov2w  1381  offset=0
                      00743 ;; >>> /home/sdcc-builder/build/sdcc-build/orig/sdcc/src/pic14/gen.c:1386:mov2w
                      00744 ;;      1109 rIdx = r0x1048 
0064                  00745 _00001_DS_
0064   ???? ????      00746         BANKSEL r0x1000
0066   08??           00747         MOVF    r0x1000,W
                      00748 ;;; /home/sdcc-builder/build/sdcc-build/orig/sdcc/src/pic14/gen.c:2316:resultRemat *{*
                      00749 ;;; /home/sdcc-builder/build/sdcc-build/orig/sdcc/src/pic14/gen.c:2760:genLabel *{*
                      00750 ;; ***  genLabel  2763
                      00751 ;;; /home/sdcc-builder/build/sdcc-build/orig/sdcc/src/pic14/gen.c:2316:resultRemat *{*
                      00752 ;;; /home/sdcc-builder/build/sdcc-build/orig/sdcc/src/pic14/gen.c:2528:genEndFunction *{*
                      00753 ;; ***  genEndFunction  2530
0067   0008           00754         RETURN  
                      00755 ; exit point of _TMR_Delay_CheckOverFlow
                      00756 ;;; /home/sdcc-builder/build/sdcc-build/orig/sdcc/src/pic14/gen.c:7426:genpic14Code *{*
                      00757 
                      00758 ;***
                      00759 ;  pBlock Stats: dbName = C
                      00760 ;***
                      00761 ;entry:  _Delay_Start   ;Function start
                      00762 ; 2 exit points
                      00763 ;has an exit
                      00764 ;; Starting pCode block
                      00765 ;;; /home/sdcc-builder/build/sdcc-build/orig/sdcc/src/pic14/gen.c:2316:resultRemat *{*
                      00766 ;;; /home/sdcc-builder/build/sdcc-build/orig/sdcc/src/pic14/gen.c:2760:genLabel *{*
                      00767 ;; ***  genLabel  2763
                      00768 ;;; /home/sdcc-builder/build/sdcc-build/orig/sdcc/src/pic14/gen.c:2316:resultRemat *{*
                      00769 ;;; /home/sdcc-builder/build/sdcc-build/orig/sdcc/src/pic14/gen.c:2340:genFunction *{*
                      00770 ;; ***  genFunction  2342 curr label offset=4previous max_key=0 
0068                  00771 _Delay_Start    ;Function start
                      00772 ; 2 exit points
                      00773 ;;; /home/sdcc-builder/build/sdcc-build/orig/sdcc/src/pic14/gen.c:2316:resultRemat *{*
                      00774 ;;; /home/sdcc-builder/build/sdcc-build/orig/sdcc/src/pic14/gen.c:2316:resultRemat *{*
                      00775 ;;; /home/sdcc-builder/build/sdcc-build/orig/sdcc/src/pic14/gen.c:6686:genPointerSet *{*
                      00776 ;; ***  genPointerSet  6687
                      00777 ;;; /home/sdcc-builder/build/sdcc-build/orig/sdcc/src/pic14/gen.c:6505:genNearPointerSet *{*
                      00778 ;; ***  genNearPointerSet  6506
                      00779 ;;      613
                      00780 ;;      aopForRemat 392
                      00781 ;;      418: rname _PIR1bits, val 0, const = 0
                      00782 ;; ***  genNearPointerSet  6521
                      00783 ;;      833: aopGet AOP_PCODE type PO_IMMEDIATE
gpasm-1.4.0 #1106 (Oct  6 2014) obj\Debug\Tim   7-4-2020  14:18:05          PAGE 16


LOC    OBJECT CODE    LINE  SOURCE TEXT
  VALUE

                      00784 ;;      _PIR1bits
                      00785 ;;      line = 6523 result AOP_PCODE=_PIR1bits, size=2, left -=-, size=0, right AOP_LIT=0x00, size=1
                      00786 ;;; /home/sdcc-builder/build/sdcc-build/orig/sdcc/src/pic14/gen.c:6249:genPackBits *{*
                      00787 ;; ***  genPackBits  6250
                      00788 ;;      833: aopGet AOP_PCODE type PO_IMMEDIATE
                      00789 ;;      _PIR1bits
                      00790 ;; >>> /home/sdcc-builder/build/sdcc-build/orig/sdcc/src/pic14/gen.c:6275:genPackBits
                      00791         .line   27; "Timer_delay.c"     TMR_DELAY_CLEAR_FLAG;
0068   ???? ????      00792         BANKSEL _PIR1bits
006A   10??           00793         BCF     _PIR1bits,1
                      00794 ;;; /home/sdcc-builder/build/sdcc-build/orig/sdcc/src/pic14/gen.c:2316:resultRemat *{*
                      00795 ;;; /home/sdcc-builder/build/sdcc-build/orig/sdcc/src/pic14/gen.c:2316:resultRemat *{*
                      00796 ;;; /home/sdcc-builder/build/sdcc-build/orig/sdcc/src/pic14/gen.c:6686:genPointerSet *{*
                      00797 ;; ***  genPointerSet  6687
                      00798 ;;; /home/sdcc-builder/build/sdcc-build/orig/sdcc/src/pic14/gen.c:6505:genNearPointerSet *{*
                      00799 ;; ***  genNearPointerSet  6506
                      00800 ;;      613
                      00801 ;;      aopForRemat 392
                      00802 ;;      418: rname _T2CONbits, val 0, const = 0
                      00803 ;; ***  genNearPointerSet  6521
                      00804 ;;      833: aopGet AOP_PCODE type PO_IMMEDIATE
                      00805 ;;      _T2CONbits
                      00806 ;;      line = 6523 result AOP_PCODE=_T2CONbits, size=2, left -=-, size=0, right AOP_LIT=0x01, size=1
                      00807 ;;; /home/sdcc-builder/build/sdcc-build/orig/sdcc/src/pic14/gen.c:6249:genPackBits *{*
                      00808 ;; ***  genPackBits  6250
                      00809 ;;      833: aopGet AOP_PCODE type PO_IMMEDIATE
                      00810 ;;      _T2CONbits
                      00811 ;; >>> /home/sdcc-builder/build/sdcc-build/orig/sdcc/src/pic14/gen.c:6275:genPackBits
                      00812         .line   28; "Timer_delay.c"     TMR_DELAY_START;
006B   15??           00813         BSF     _T2CONbits,2
                      00814 ;;; /home/sdcc-builder/build/sdcc-build/orig/sdcc/src/pic14/gen.c:2316:resultRemat *{*
                      00815 ;;; /home/sdcc-builder/build/sdcc-build/orig/sdcc/src/pic14/gen.c:2760:genLabel *{*
                      00816 ;; ***  genLabel  2763
                      00817 ;;; /home/sdcc-builder/build/sdcc-build/orig/sdcc/src/pic14/gen.c:2316:resultRemat *{*
                      00818 ;;; /home/sdcc-builder/build/sdcc-build/orig/sdcc/src/pic14/gen.c:2528:genEndFunction *{*
                      00819 ;; ***  genEndFunction  2530
006C   0008           00820         RETURN  
                      00821 ; exit point of _Delay_Start
                      00822 ;;; /home/sdcc-builder/build/sdcc-build/orig/sdcc/src/pic14/gen.c:7426:genpic14Code *{*
                      00823 
                      00824 ;***
                      00825 ;  pBlock Stats: dbName = C
                      00826 ;***
                      00827 ;entry:  _Delay_Init    ;Function start
                      00828 ; 2 exit points
                      00829 ;has an exit
                      00830 ;; Starting pCode block
                      00831 ;;; /home/sdcc-builder/build/sdcc-build/orig/sdcc/src/pic14/gen.c:2316:resultRemat *{*
                      00832 ;;; /home/sdcc-builder/build/sdcc-build/orig/sdcc/src/pic14/gen.c:2760:genLabel *{*
                      00833 ;; ***  genLabel  2763
                      00834 ;;; /home/sdcc-builder/build/sdcc-build/orig/sdcc/src/pic14/gen.c:2316:resultRemat *{*
                      00835 ;;; /home/sdcc-builder/build/sdcc-build/orig/sdcc/src/pic14/gen.c:2340:genFunction *{*
                      00836 ;; ***  genFunction  2342 curr label offset=0previous max_key=0 
gpasm-1.4.0 #1106 (Oct  6 2014) obj\Debug\Tim   7-4-2020  14:18:05          PAGE 17


LOC    OBJECT CODE    LINE  SOURCE TEXT
  VALUE

006D                  00837 _Delay_Init     ;Function start
                      00838 ; 2 exit points
                      00839 ;;; /home/sdcc-builder/build/sdcc-build/orig/sdcc/src/pic14/gen.c:2316:resultRemat *{*
                      00840 ;;; /home/sdcc-builder/build/sdcc-build/orig/sdcc/src/pic14/gen.c:2316:resultRemat *{*
                      00841 ;;; /home/sdcc-builder/build/sdcc-build/orig/sdcc/src/pic14/gen.c:6686:genPointerSet *{*
                      00842 ;; ***  genPointerSet  6687
                      00843 ;;; /home/sdcc-builder/build/sdcc-build/orig/sdcc/src/pic14/gen.c:6505:genNearPointerSet *{*
                      00844 ;; ***  genNearPointerSet  6506
                      00845 ;;      613
                      00846 ;;      aopForRemat 392
                      00847 ;;      418: rname _T2CONbits, val 0, const = 0
                      00848 ;; ***  genNearPointerSet  6521
                      00849 ;;      833: aopGet AOP_PCODE type PO_IMMEDIATE
                      00850 ;;      _T2CONbits
                      00851 ;;      line = 6523 result AOP_PCODE=_T2CONbits, size=2, left -=-, size=0, right AOP_LIT=0x01, size=1
                      00852 ;;; /home/sdcc-builder/build/sdcc-build/orig/sdcc/src/pic14/gen.c:6249:genPackBits *{*
                      00853 ;; ***  genPackBits  6250
                      00854 ;;      833: aopGet AOP_PCODE type PO_IMMEDIATE
                      00855 ;;      _T2CONbits
                      00856 ;; >>> /home/sdcc-builder/build/sdcc-build/orig/sdcc/src/pic14/gen.c:6275:genPackBits
                      00857         .line   16; "Timer_delay.c"     TMR_DELAY_SET_PRESCALER_16;
006D   ???? ????      00858         BANKSEL _T2CONbits
006F   14??           00859         BSF     _T2CONbits,1
                      00860 ;;; /home/sdcc-builder/build/sdcc-build/orig/sdcc/src/pic14/gen.c:2316:resultRemat *{*
                      00861 ;;; /home/sdcc-builder/build/sdcc-build/orig/sdcc/src/pic14/gen.c:2316:resultRemat *{*
                      00862 ;;; /home/sdcc-builder/build/sdcc-build/orig/sdcc/src/pic14/gen.c:6686:genPointerSet *{*
                      00863 ;; ***  genPointerSet  6687
                      00864 ;;; /home/sdcc-builder/build/sdcc-build/orig/sdcc/src/pic14/gen.c:6505:genNearPointerSet *{*
                      00865 ;; ***  genNearPointerSet  6506
                      00866 ;;      613
                      00867 ;;      aopForRemat 392
                      00868 ;;      418: rname _T2CONbits, val 0, const = 0
                      00869 ;; ***  genNearPointerSet  6521
                      00870 ;;      833: aopGet AOP_PCODE type PO_IMMEDIATE
                      00871 ;;      _T2CONbits
                      00872 ;;      line = 6523 result AOP_PCODE=_T2CONbits, size=2, left -=-, size=0, right AOP_LIT=0x00, size=1
                      00873 ;;; /home/sdcc-builder/build/sdcc-build/orig/sdcc/src/pic14/gen.c:6249:genPackBits *{*
                      00874 ;; ***  genPackBits  6250
                      00875 ;;      833: aopGet AOP_PCODE type PO_IMMEDIATE
                      00876 ;;      _T2CONbits
                      00877 ;; >>> /home/sdcc-builder/build/sdcc-build/orig/sdcc/src/pic14/gen.c:6275:genPackBits
0070   10??           00878         BCF     _T2CONbits,0
                      00879 ;;; /home/sdcc-builder/build/sdcc-build/orig/sdcc/src/pic14/gen.c:2316:resultRemat *{*
                      00880 ;;; /home/sdcc-builder/build/sdcc-build/orig/sdcc/src/pic14/gen.c:2316:resultRemat *{*
                      00881 ;;; /home/sdcc-builder/build/sdcc-build/orig/sdcc/src/pic14/gen.c:6686:genPointerSet *{*
                      00882 ;; ***  genPointerSet  6687
                      00883 ;;; /home/sdcc-builder/build/sdcc-build/orig/sdcc/src/pic14/gen.c:6505:genNearPointerSet *{*
                      00884 ;; ***  genNearPointerSet  6506
                      00885 ;;      613
                      00886 ;;      aopForRemat 392
                      00887 ;;      418: rname _T2CONbits, val 0, const = 0
                      00888 ;; ***  genNearPointerSet  6521
                      00889 ;;      833: aopGet AOP_PCODE type PO_IMMEDIATE
gpasm-1.4.0 #1106 (Oct  6 2014) obj\Debug\Tim   7-4-2020  14:18:05          PAGE 18


LOC    OBJECT CODE    LINE  SOURCE TEXT
  VALUE

                      00890 ;;      _T2CONbits
                      00891 ;;      line = 6523 result AOP_PCODE=_T2CONbits, size=2, left -=-, size=0, right AOP_LIT=0x00, size=1
                      00892 ;;; /home/sdcc-builder/build/sdcc-build/orig/sdcc/src/pic14/gen.c:6249:genPackBits *{*
                      00893 ;; ***  genPackBits  6250
                      00894 ;;      833: aopGet AOP_PCODE type PO_IMMEDIATE
                      00895 ;;      _T2CONbits
                      00896 ;; >>> /home/sdcc-builder/build/sdcc-build/orig/sdcc/src/pic14/gen.c:6275:genPackBits
                      00897         .line   17; "Timer_delay.c"     TMR_DELAY_DISABLE;
0071   11??           00898         BCF     _T2CONbits,2
                      00899 ;;; /home/sdcc-builder/build/sdcc-build/orig/sdcc/src/pic14/gen.c:2316:resultRemat *{*
                      00900 ;;; /home/sdcc-builder/build/sdcc-build/orig/sdcc/src/pic14/gen.c:2760:genLabel *{*
                      00901 ;; ***  genLabel  2763
                      00902 ;;; /home/sdcc-builder/build/sdcc-build/orig/sdcc/src/pic14/gen.c:2316:resultRemat *{*
                      00903 ;;; /home/sdcc-builder/build/sdcc-build/orig/sdcc/src/pic14/gen.c:2528:genEndFunction *{*
                      00904 ;; ***  genEndFunction  2530
0072   0008           00905         RETURN  
                      00906 ; exit point of _Delay_Init
                      00907 ;;; /home/sdcc-builder/build/sdcc-build/orig/sdcc/src/pic14/gen.c:7426:genpic14Code *{*
                      00908 
                      00909 
                      00910 ;       code size estimation:
                      00911 ;          73+   21 =    94 instructions (  230 byte)
                      00912 
                      00913         end
gpasm-1.4.0 #1106 (Oct  6 2014) obj\Debug\Tim   7-4-2020  14:18:05          PAGE 19


SYMBOL TABLE
  LABEL                             VALUE

ACKDT                             00000005
ACKEN                             00000004
ACKSTAT                           00000006
ADCON0                            0000001F
ADCON1                            0000009F
ADCS0                             00000006
ADCS1                             00000007
ADCS2                             00000006
ADDEN                             00000003
ADFM                              00000007
ADIE                              00000006
ADIF                              00000006
ADON                              00000000
ADRESH                            0000001E
ADRESL                            0000009E
BCLIE                             00000003
BCLIF                             00000003
BF                                00000000
BRGH                              00000002
C                                 00000000
C1INV                             00000004
C1OUT                             00000006
C2INV                             00000005
C2OUT                             00000007
CCP1CON                           00000017
CCP1IE                            00000002
CCP1IF                            00000002
CCP1M0                            00000000
CCP1M1                            00000001
CCP1M2                            00000002
CCP1M3                            00000003
CCP1X                             00000005
CCP1Y                             00000004
CCP2CON                           0000001D
CCP2IE                            00000000
CCP2IF                            00000000
CCP2M0                            00000000
CCP2M1                            00000001
CCP2M2                            00000002
CCP2M3                            00000003
CCP2X                             00000005
CCP2Y                             00000004
CCPR1                             00000015
CCPR1H                            00000016
CCPR1L                            00000015
CCPR2                             0000001B
CCPR2H                            0000001C
CCPR2L                            0000001B
CHS0                              00000003
CHS1                              00000004
CHS2                              00000005
CIS                               00000003
CKE                               00000006
gpasm-1.4.0 #1106 (Oct  6 2014) obj\Debug\Tim   7-4-2020  14:18:05          PAGE 20


SYMBOL TABLE
  LABEL                             VALUE 

CKP                               00000004
CM0                               00000000
CM1                               00000001
CM2                               00000002
CMCON                             0000009C
CMIE                              00000006
CMIF                              00000006
CREN                              00000004
CSRC                              00000007
CVR0                              00000000
CVR1                              00000001
CVR2                              00000002
CVR3                              00000003
CVRCON                            0000009D
CVREN                             00000007
CVROE                             00000006
CVRR                              00000005
D                                 00000005
DATA_ADDRESS                      00000005
DC                                00000001
D_A                               00000005
D_NOT_A                           00000005
EEADR                             0000010D
EEADRH                            0000010F
EECON1                            0000018C
EECON2                            0000018D
EEDATA                            0000010C
EEDATH                            0000010E
EEIE                              00000004
EEIF                              00000004
EEPGD                             00000007
F                                 00000001
FERR                              00000002
FSR                               00000004
GCEN                              00000007
GIE                               00000007
GO                                00000002
GO_DONE                           00000002
GO_NOT_DONE                       00000002
I2C_DATA                          00000005
I2C_READ                          00000002
I2C_START                         00000003
I2C_STOP                          00000004
IBF                               00000007
IBOV                              00000005
INDF                              00000000
INTCON                            0000000B
INTE                              00000004
INTEDG                            00000006
INTF                              00000001
IRP                               00000007
NOT_A                             00000005
NOT_ADDRESS                       00000005
gpasm-1.4.0 #1106 (Oct  6 2014) obj\Debug\Tim   7-4-2020  14:18:05          PAGE 21


SYMBOL TABLE
  LABEL                             VALUE 

NOT_BO                            00000000
NOT_BOR                           00000000
NOT_DONE                          00000002
NOT_PD                            00000003
NOT_POR                           00000001
NOT_RBPU                          00000007
NOT_RC8                           00000006
NOT_T1SYNC                        00000002
NOT_TO                            00000004
NOT_TX8                           00000006
NOT_W                             00000002
NOT_WRITE                         00000002
OBF                               00000006
OERR                              00000001
OPTION_REG                        00000081
P                                 00000004
PCFG0                             00000000
PCFG1                             00000001
PCFG2                             00000002
PCFG3                             00000003
PCL                               00000002
PCLATH                            0000000A
PCON                              0000008E
PEIE                              00000006
PEN                               00000002
PIE1                              0000008C
PIE2                              0000008D
PIR1                              0000000C
PIR2                              0000000D
PORTA                             00000005
PORTB                             00000006
PORTC                             00000007
PORTD                             00000008
PORTE                             00000009
PR2                               00000092
PS0                               00000000
PS1                               00000001
PS2                               00000002
PSA                               00000003
PSAVE                             00000000
PSPIE                             00000007
PSPIF                             00000007
PSPMODE                           00000004
R                                 00000002
RA0                               00000000
RA1                               00000001
RA2                               00000002
RA3                               00000003
RA4                               00000004
RA5                               00000005
RB0                               00000000
RB1                               00000001
RB2                               00000002
gpasm-1.4.0 #1106 (Oct  6 2014) obj\Debug\Tim   7-4-2020  14:18:05          PAGE 22


SYMBOL TABLE
  LABEL                             VALUE 

RB3                               00000003
RB4                               00000004
RB5                               00000005
RB6                               00000006
RB7                               00000007
RBIE                              00000003
RBIF                              00000000
RC0                               00000000
RC1                               00000001
RC2                               00000002
RC3                               00000003
RC4                               00000004
RC5                               00000005
RC6                               00000006
RC7                               00000007
RC8_9                             00000006
RC9                               00000006
RCD8                              00000000
RCEN                              00000003
RCIE                              00000005
RCIF                              00000005
RCREG                             0000001A
RCSTA                             00000018
RD                                00000000
RD0                               00000000
RD1                               00000001
RD2                               00000002
RD3                               00000003
RD4                               00000004
RD5                               00000005
RD6                               00000006
RD7                               00000007
RE0                               00000000
RE1                               00000001
RE2                               00000002
READ_WRITE                        00000002
RP0                               00000005
RP1                               00000006
RSEN                              00000001
RX9                               00000006
RX9D                              00000000
R_NOT_W                           00000002
R_W                               00000002
S                                 00000003
SEN                               00000000
SMP                               00000007
SPBRG                             00000099
SPEN                              00000007
SREN                              00000005
SSAVE                             00000000
SSPADD                            00000093
SSPBUF                            00000013
SSPCON                            00000014
gpasm-1.4.0 #1106 (Oct  6 2014) obj\Debug\Tim   7-4-2020  14:18:05          PAGE 23


SYMBOL TABLE
  LABEL                             VALUE 

SSPCON2                           00000091
SSPEN                             00000005
SSPIE                             00000003
SSPIF                             00000003
SSPM0                             00000000
SSPM1                             00000001
SSPM2                             00000002
SSPM3                             00000003
SSPOV                             00000006
SSPSTAT                           00000094
STATUS                            00000003
STK00                             00000000
STK01                             00000000
STK02                             00000000
STK03                             00000000
STK04                             00000000
STK05                             00000000
STK06                             00000000
STK07                             00000000
STK08                             00000000
STK09                             00000000
STK10                             00000000
STK11                             00000000
STK12                             00000000
SYNC                              00000004
T0CS                              00000005
T0IE                              00000005
T0IF                              00000002
T0SE                              00000004
T1CKPS0                           00000004
T1CKPS1                           00000005
T1CON                             00000010
T1INSYNC                          00000002
T1OSCEN                           00000003
T1SYNC                            00000002
T2CKPS0                           00000000
T2CKPS1                           00000001
T2CON                             00000012
TMR0                              00000001
TMR0IE                            00000005
TMR0IF                            00000002
TMR1                              0000000E
TMR1CS                            00000001
TMR1H                             0000000F
TMR1IE                            00000000
TMR1IF                            00000000
TMR1L                             0000000E
TMR1ON                            00000000
TMR2                              00000011
TMR2IE                            00000001
TMR2IF                            00000001
TMR2ON                            00000002
TOUTPS0                           00000003
gpasm-1.4.0 #1106 (Oct  6 2014) obj\Debug\Tim   7-4-2020  14:18:05          PAGE 24


SYMBOL TABLE
  LABEL                             VALUE 

TOUTPS1                           00000004
TOUTPS2                           00000005
TOUTPS3                           00000006
TRISA                             00000085
TRISA0                            00000000
TRISA1                            00000001
TRISA2                            00000002
TRISA3                            00000003
TRISA4                            00000004
TRISA5                            00000005
TRISB                             00000086
TRISB0                            00000000
TRISB1                            00000001
TRISB2                            00000002
TRISB3                            00000003
TRISB4                            00000004
TRISB5                            00000005
TRISB6                            00000006
TRISB7                            00000007
TRISC                             00000087
TRISC0                            00000000
TRISC1                            00000001
TRISC2                            00000002
TRISC3                            00000003
TRISC4                            00000004
TRISC5                            00000005
TRISC6                            00000006
TRISC7                            00000007
TRISD                             00000088
TRISD0                            00000000
TRISD1                            00000001
TRISD2                            00000002
TRISD3                            00000003
TRISD4                            00000004
TRISD5                            00000005
TRISD6                            00000006
TRISD7                            00000007
TRISE                             00000089
TRISE0                            00000000
TRISE1                            00000001
TRISE2                            00000002
TRMT                              00000001
TX8_9                             00000006
TX9                               00000006
TX9D                              00000000
TXD8                              00000000
TXEN                              00000005
TXIE                              00000004
TXIF                              00000004
TXREG                             00000019
TXSTA                             00000098
UA                                00000001
W                                 00000000
gpasm-1.4.0 #1106 (Oct  6 2014) obj\Debug\Tim   7-4-2020  14:18:05          PAGE 25


SYMBOL TABLE
  LABEL                             VALUE 

WCOL                              00000007
WR                                00000001
WREN                              00000002
WRERR                             00000003
WSAVE                             00000000
Z                                 00000002
_00001_DS_                        00000064
_00121_DS_                        00000045
_00126_DS_                        00000037
_00128_DS_                        00000055
_00143_DS_                        00000042
_00148_DS_                        0000001A
_00153_DS_                        0000000C
_00155_DS_                        0000002A
_00170_DS_                        00000017
_ADCON0                           00000000
_ADCON0bits                       00000000
_ADCON1                           00000000
_ADCON1bits                       00000000
_ADRESH                           00000000
_ADRESL                           00000000
_BODEN_OFF                        00003FBF
_BODEN_ON                         00003FFF
_BOREN_OFF                        00003FBF
_BOREN_ON                         00003FFF
_CCP1CON                          00000000
_CCP1CONbits                      00000000
_CCP2CON                          00000000
_CCP2CONbits                      00000000
_CCPR1                            00000000
_CCPR1H                           00000000
_CCPR1L                           00000000
_CCPR2                            00000000
_CCPR2H                           00000000
_CCPR2L                           00000000
_CMCON                            00000000
_CMCONbits                        00000000
_CONFIG                           00002007
_CPD_OFF                          00003FFF
_CPD_ON                           00003EFF
_CP_ALL                           00001FFF
_CP_OFF                           00003FFF
_CP_ON                            00001FFF
_CVRCON                           00000000
_CVRCONbits                       00000000
_DEBUG_OFF                        00003FFF
_DEBUG_ON                         000037FF
_DEVID1                           00002006
_Delay_Init                       0000006D
_Delay_Start                      00000068
_Delay_Stop                       00000056
_EEADR                            00000000
_EEADRH                           00000000
gpasm-1.4.0 #1106 (Oct  6 2014) obj\Debug\Tim   7-4-2020  14:18:05          PAGE 26


SYMBOL TABLE
  LABEL                             VALUE 

_EECON1                           00000000
_EECON1bits                       00000000
_EECON2                           00000000
_EEDATA                           00000000
_EEDATH                           00000000
_FOSC_EXTRC                       00003FFF
_FOSC_HS                          00003FFE
_FOSC_LP                          00003FFC
_FOSC_XT                          00003FFD
_FSR                              00000000
_HS_OSC                           00003FFE
_IDLOC0                           00002000
_IDLOC1                           00002001
_IDLOC2                           00002002
_IDLOC3                           00002003
_INDF                             00000000
_INTCON                           00000000
_INTCONbits                       00000000
_LP_OSC                           00003FFC
_LVP_OFF                          00003F7F
_LVP_ON                           00003FFF
_OPTION_REG                       00000000
_OPTION_REGbits                   00000000
_PCL                              00000000
_PCLATH                           00000000
_PCON                             00000000
_PCONbits                         00000000
_PIE1                             00000000
_PIE1bits                         00000000
_PIE2                             00000000
_PIE2bits                         00000000
_PIR1                             00000000
_PIR1bits                         00000000
_PIR2                             00000000
_PIR2bits                         00000000
_PORTA                            00000000
_PORTAbits                        00000000
_PORTB                            00000000
_PORTBbits                        00000000
_PORTC                            00000000
_PORTCbits                        00000000
_PORTD                            00000000
_PORTDbits                        00000000
_PORTE                            00000000
_PORTEbits                        00000000
_PR2                              00000000
_PWRTE_OFF                        00003FFF
_PWRTE_ON                         00003FF7
_RCREG                            00000000
_RCSTA                            00000000
_RCSTAbits                        00000000
_RC_OSC                           00003FFF
_SPBRG                            00000000
gpasm-1.4.0 #1106 (Oct  6 2014) obj\Debug\Tim   7-4-2020  14:18:05          PAGE 27


SYMBOL TABLE
  LABEL                             VALUE 

_SSPADD                           00000000
_SSPBUF                           00000000
_SSPCON                           00000000
_SSPCON2                          00000000
_SSPCON2bits                      00000000
_SSPCONbits                       00000000
_SSPSTAT                          00000000
_SSPSTATbits                      00000000
_STATUS                           00000000
_STATUSbits                       00000000
_T1CON                            00000000
_T1CONbits                        00000000
_T2CON                            00000000
_T2CONbits                        00000000
_TMR0                             00000000
_TMR1                             00000000
_TMR1H                            00000000
_TMR1L                            00000000
_TMR2                             00000000
_TMR_Delay_100US                  00000000
_TMR_Delay_CheckOverFlow          0000005A
_TMR_Delay_MS                     0000002B
_TRISA                            00000000
_TRISAbits                        00000000
_TRISB                            00000000
_TRISBbits                        00000000
_TRISC                            00000000
_TRISCbits                        00000000
_TRISD                            00000000
_TRISDbits                        00000000
_TRISE                            00000000
_TRISEbits                        00000000
_TXREG                            00000000
_TXSTA                            00000000
_TXSTAbits                        00000000
_WDTE_OFF                         00003FFB
_WDTE_ON                          00003FFF
_WDT_OFF                          00003FFB
_WDT_ON                           00003FFF
_WRT_1FOURTH                      00003BFF
_WRT_256                          00003DFF
_WRT_HALF                         000039FF
_WRT_OFF                          00003FFF
_XT_OSC                           00003FFD
__16F877A                         00000001
__CODE_END                        00001FFF
__CODE_START                      00000000
__COMMON_RAM_END                  0000007F
__COMMON_RAM_START                00000070
__EEPROM_END                      000021FF
__EEPROM_START                    00002100
__VECTOR_INT                      00000004
__VECTOR_RESET                    00000000
gpasm-1.4.0 #1106 (Oct  6 2014) obj\Debug\Tim   7-4-2020  14:18:05          PAGE 28


SYMBOL TABLE
  LABEL                             VALUE 

__itoa                            00000000
__ltoa                            00000000
__print_format                    00000000
__uitoa                           00000000
__ultoa                           00000000
_abs                              00000000
_atof                             00000000
_atoi                             00000000
_atol                             00000000
_calloc                           00000000
_free                             00000000
_getchar                          00000000
_gets                             00000000
_labs                             00000000
_malloc                           00000000
_printf                           00000000
_printf_small                     00000000
_putchar                          00000000
_puts                             00000000
_rand                             00000000
_realloc                          00000000
_sprintf                          00000000
_srand                            00000000
_vprintf                          00000000
_vsprintf                         00000000
r0x1000                           00000000
r0x1001                           00000007
r0x1002                           00000006
r0x1003                           00000008
r0x1004                           00000009
r0x1005                           0000000A
r0x1006                           00000002
r0x1007                           00000001
r0x1008                           00000003
r0x1009                           00000004
r0x100A                           00000005

Errors   :     0
Warnings :     0 reported,     0 suppressed
Messages :     0 reported,     0 suppressed

